#
# There is insufficient memory for the Java Runtime Environment to continue.
# Native memory allocation (malloc) failed to allocate 166723584 bytes for committing reserved memory.
# Possible reasons:
#   The system is out of physical RAM or swap space
#   In 32 bit mode, the process size limit was hit
# Possible solutions:
#   Reduce memory load on the system
#   Increase physical memory or swap space
#   Check if swap backing store is full
#   Use 64 bit Java on a 64 bit OS
#   Decrease Java heap size (-Xmx/-Xms)
#   Decrease number of Java threads
#   Decrease Java thread stack sizes (-Xss)
#   Set larger code cache with -XX:ReservedCodeCacheSize=
# This output file may be truncated or incomplete.
#
#  Out of Memory Error (os_linux.cpp:2827), pid=8061, tid=139669993002752
#
# JRE version: OpenJDK Runtime Environment (7.0_101) (build 1.7.0_101-b00)
# Java VM: OpenJDK 64-Bit Server VM (24.95-b01 mixed mode linux-amd64 compressed oops)
# Derivative: IcedTea 2.6.6
# Distribution: Ubuntu 14.04 LTS, package 7u101-2.6.6-0ubuntu0.14.04.1
# Failed to write core dump. Core dumps have been disabled. To enable core dumping, try "ulimit -c unlimited" before starting Java again
#

---------------  T H R E A D  ---------------

Current thread (0x00007f0770076000):  VMThread [stack: 0x00007f0774419000,0x00007f077451a000] [id=8070]

Stack: [0x00007f0774419000,0x00007f077451a000],  sp=0x00007f0774518490,  free space=1021k
Native frames: (J=compiled Java code, j=interpreted, Vv=VM code, C=native code)
V  [libjvm.so+0x955705]
V  [libjvm.so+0x490c44]
V  [libjvm.so+0x7d0c9b]
V  [libjvm.so+0x7cb75f]
V  [libjvm.so+0x83ee5b]
V  [libjvm.so+0x83fcc0]
V  [libjvm.so+0x8403ab]
V  [libjvm.so+0x83c5e8]
V  [libjvm.so+0x83ce58]
V  [libjvm.so+0x7f34a3]
V  [libjvm.so+0x957104]
V  [libjvm.so+0x95b207]
V  [libjvm.so+0x959cc8]
V  [libjvm.so+0x95a129]
V  [libjvm.so+0x95a572]
V  [libjvm.so+0x7cdb62]

VM_Operation (0x00007f0764c0c1b0): ParallelGCFailedAllocation, mode: safepoint, requested by thread 0x00007f077018e800


---------------  P R O C E S S  ---------------

Java Threads: ( => current thread )
  0x00007f077018e800 JavaThread "pool-1-thread-1" [_thread_blocked, id=8186, stack(0x00007f0764b0d000,0x00007f0764c0e000)]
  0x00007f07700b1000 JavaThread "Service Thread" daemon [_thread_blocked, id=8076, stack(0x00007f076cb35000,0x00007f076cc36000)]
  0x00007f07700ae800 JavaThread "C2 CompilerThread1" daemon [_thread_blocked, id=8075, stack(0x00007f076cc36000,0x00007f076cd37000)]
  0x00007f07700ab800 JavaThread "C2 CompilerThread0" daemon [_thread_blocked, id=8074, stack(0x00007f0774015000,0x00007f0774116000)]
  0x00007f07700a9800 JavaThread "Signal Dispatcher" daemon [_thread_blocked, id=8073, stack(0x00007f0774116000,0x00007f0774217000)]
  0x00007f077007c000 JavaThread "Finalizer" daemon [_thread_blocked, id=8072, stack(0x00007f0774217000,0x00007f0774318000)]
  0x00007f077007a000 JavaThread "Reference Handler" daemon [_thread_blocked, id=8071, stack(0x00007f0774318000,0x00007f0774419000)]
  0x00007f077000a800 JavaThread "main" [_thread_blocked, id=8064, stack(0x00007f07795da000,0x00007f07796db000)]

Other Threads:
=>0x00007f0770076000 VMThread [stack: 0x00007f0774419000,0x00007f077451a000] [id=8070]
  0x00007f07700bb800 WatcherThread [stack: 0x00007f076ca34000,0x00007f076cb35000] [id=8077]

VM state:at safepoint (normal execution)

VM Mutex/Monitor currently owned by a thread:  ([mutex/lock_event])
[0x00007f0770006b40] Threads_lock - owner thread: 0x00007f0770076000
[0x00007f0770007040] Heap_lock - owner thread: 0x00007f077018e800

Heap
 PSYoungGen      total 136192K, used 5093K [0x00000000eaa80000, 0x00000000f3480000, 0x0000000100000000)
  eden space 131072K, 0% used [0x00000000eaa80000,0x00000000eaa80000,0x00000000f2a80000)
  from space 5120K, 99% used [0x00000000f2a80000,0x00000000f2f79600,0x00000000f2f80000)
  to   space 5120K, 0% used [0x00000000f2f80000,0x00000000f2f80000,0x00000000f3480000)
 ParOldGen       total 84992K, used 37876K [0x00000000c0000000, 0x00000000c5300000, 0x00000000eaa80000)
  object space 84992K, 44% used [0x00000000c0000000,0x00000000c24fd2a8,0x00000000c5300000)
 PSPermGen       total 21504K, used 6512K [0x00000000b5a00000, 0x00000000b6f00000, 0x00000000c0000000)
  object space 21504K, 30% used [0x00000000b5a00000,0x00000000b605c268,0x00000000b6f00000)

Card table byte_map: [0x00007f0775fc2000,0x00007f0776216000] byte_map_base: 0x00007f0775a15000

Polling page: 0x00007f0779701000

Code Cache  [0x00007f076d000000, 0x00007f076d330000, 0x00007f0770000000)
 total_blobs=1068 nmethods=836 adapters=184 free_code_cache=45931Kb largest_free_block=46998336

Compilation events (10 events):
Event: 27.060 Thread 0x00007f07700ae800 nmethod 850 0x00007f076d31d310 code [0x00007f076d31d460, 0x00007f076d31d518]
Event: 27.060 Thread 0x00007f07700ae800  851             com.android.dx.dex.code.Dop::hasResult (5 bytes)
Event: 27.060 Thread 0x00007f07700ae800 nmethod 851 0x00007f076d31d110 code [0x00007f076d31d240, 0x00007f076d31d298]
Event: 27.060 Thread 0x00007f07700ae800  852             com.android.dx.dex.code.DalvInsn::getAddress (22 bytes)
Event: 27.064 Thread 0x00007f07700ae800 nmethod 852 0x00007f076d31ced0 code [0x00007f076d31d000, 0x00007f076d31d078]
Event: 27.064 Thread 0x00007f07700ae800  853             com.android.dx.rop.code.SourcePosition::sameLine (17 bytes)
Event: 27.065 Thread 0x00007f07700ae800 nmethod 853 0x00007f076d31cc90 code [0x00007f076d31cdc0, 0x00007f076d31ce38]
Event: 27.065 Thread 0x00007f07700ae800  854             com.android.dx.rop.code.RegisterSpecSet::findMatchingLocal (49 bytes)
Event: 27.075 Thread 0x00007f07700ae800 nmethod 854 0x00007f076d319550 code [0x00007f076d3196e0, 0x00007f076d319bd8]
Event: 27.075 Thread 0x00007f07700ae800  855             com.android.dx.dex.code.SimpleInsn::<init> (8 bytes)

GC Heap History (9 events):
Event: 2.277 GC heap before
{Heap before GC invocations=1 (full 0):
 PSYoungGen      total 37888K, used 32768K [0x00000000eaa80000, 0x00000000ed480000, 0x0000000100000000)
  eden space 32768K, 100% used [0x00000000eaa80000,0x00000000eca80000,0x00000000eca80000)
  from space 5120K, 0% used [0x00000000ecf80000,0x00000000ecf80000,0x00000000ed480000)
  to   space 5120K, 0% used [0x00000000eca80000,0x00000000eca80000,0x00000000ecf80000)
 ParOldGen       total 84992K, used 0K [0x00000000c0000000, 0x00000000c5300000, 0x00000000eaa80000)
  object space 84992K, 0% used [0x00000000c0000000,0x00000000c0000000,0x00000000c5300000)
 PSPermGen       total 21504K, used 6066K [0x00000000b5a00000, 0x00000000b6f00000, 0x00000000c0000000)
  object space 21504K, 28% used [0x00000000b5a00000,0x00000000b5fecb00,0x00000000b6f00000)
Event: 2.301 GC heap after
Heap after GC invocations=1 (full 0):
 PSYoungGen      total 37888K, used 5101K [0x00000000eaa80000, 0x00000000ef480000, 0x0000000100000000)
  eden space 32768K, 0% used [0x00000000eaa80000,0x00000000eaa80000,0x00000000eca80000)
  from space 5120K, 99% used [0x00000000eca80000,0x00000000ecf7b7f0,0x00000000ecf80000)
  to   space 5120K, 0% used [0x00000000eef80000,0x00000000eef80000,0x00000000ef480000)
 ParOldGen       total 84992K, used 1553K [0x00000000c0000000, 0x00000000c5300000, 0x00000000eaa80000)
  object space 84992K, 1% used [0x00000000c0000000,0x00000000c0184538,0x00000000c5300000)
 PSPermGen       total 21504K, used 6066K [0x00000000b5a00000, 0x00000000b6f00000, 0x00000000c0000000)
  object space 21504K, 28% used [0x00000000b5a00000,0x00000000b5fecb00,0x00000000b6f00000)
}
Event: 3.598 GC heap before
{Heap before GC invocations=2 (full 0):
 PSYoungGen      total 37888K, used 37869K [0x00000000eaa80000, 0x00000000ef480000, 0x0000000100000000)
  eden space 32768K, 100% used [0x00000000eaa80000,0x00000000eca80000,0x00000000eca80000)
  from space 5120K, 99% used [0x00000000eca80000,0x00000000ecf7b7f0,0x00000000ecf80000)
  to   space 5120K, 0% used [0x00000000eef80000,0x00000000eef80000,0x00000000ef480000)
 ParOldGen       total 84992K, used 1553K [0x00000000c0000000, 0x00000000c5300000, 0x00000000eaa80000)
  object space 84992K, 1% used [0x00000000c0000000,0x00000000c0184538,0x00000000c5300000)
 PSPermGen       total 21504K, used 6144K [0x00000000b5a00000, 0x00000000b6f00000, 0x00000000c0000000)
  object space 21504K, 28% used [0x00000000b5a00000,0x00000000b6000370,0x00000000b6f00000)
Event: 3.657 GC heap after
Heap after GC invocations=2 (full 0):
 PSYoungGen      total 70656K, used 5119K [0x00000000eaa80000, 0x00000000ef480000, 0x0000000100000000)
  eden space 65536K, 0% used [0x00000000eaa80000,0x00000000eaa80000,0x00000000eea80000)
  from space 5120K, 99% used [0x00000000eef80000,0x00000000ef47fe88,0x00000000ef480000)
  to   space 5120K, 0% used [0x00000000eea80000,0x00000000eea80000,0x00000000eef80000)
 ParOldGen       total 84992K, used 7247K [0x00000000c0000000, 0x00000000c5300000, 0x00000000eaa80000)
  object space 84992K, 8% used [0x00000000c0000000,0x00000000c0713f30,0x00000000c5300000)
 PSPermGen       total 21504K, used 6144K [0x00000000b5a00000, 0x00000000b6f00000, 0x00000000c0000000)
  object space 21504K, 28% used [0x00000000b5a00000,0x00000000b6000370,0x00000000b6f00000)
}
Event: 6.936 GC heap before
{Heap before GC invocations=3 (full 0):
 PSYoungGen      total 70656K, used 70655K [0x00000000eaa80000, 0x00000000ef480000, 0x0000000100000000)
  eden space 65536K, 100% used [0x00000000eaa80000,0x00000000eea80000,0x00000000eea80000)
  from space 5120K, 99% used [0x00000000eef80000,0x00000000ef47fe88,0x00000000ef480000)
  to   space 5120K, 0% used [0x00000000eea80000,0x00000000eea80000,0x00000000eef80000)
 ParOldGen       total 84992K, used 7247K [0x00000000c0000000, 0x00000000c5300000, 0x00000000eaa80000)
  object space 84992K, 8% used [0x00000000c0000000,0x00000000c0713f30,0x00000000c5300000)
 PSPermGen       total 21504K, used 6204K [0x00000000b5a00000, 0x00000000b6f00000, 0x00000000c0000000)
  object space 21504K, 28% used [0x00000000b5a00000,0x00000000b600f2a0,0x00000000b6f00000)
Event: 6.999 GC heap after
Heap after GC invocations=3 (full 0):
 PSYoungGen      total 70656K, used 5101K [0x00000000eaa80000, 0x00000000f3480000, 0x0000000100000000)
  eden space 65536K, 0% used [0x00000000eaa80000,0x00000000eaa80000,0x00000000eea80000)
  from space 5120K, 99% used [0x00000000eea80000,0x00000000eef7b4c0,0x00000000eef80000)
  to   space 5120K, 0% used [0x00000000f2f80000,0x00000000f2f80000,0x00000000f3480000)
 ParOldGen       total 84992K, used 15832K [0x00000000c0000000, 0x00000000c5300000, 0x00000000eaa80000)
  object space 84992K, 18% used [0x00000000c0000000,0x00000000c0f76190,0x00000000c5300000)
 PSPermGen       total 21504K, used 6204K [0x00000000b5a00000, 0x00000000b6f00000, 0x00000000c0000000)
  object space 21504K, 28% used [0x00000000b5a00000,0x00000000b600f2a0,0x00000000b6f00000)
}
Event: 9.965 GC heap before
{Heap before GC invocations=4 (full 0):
 PSYoungGen      total 70656K, used 70637K [0x00000000eaa80000, 0x00000000f3480000, 0x0000000100000000)
  eden space 65536K, 100% used [0x00000000eaa80000,0x00000000eea80000,0x00000000eea80000)
  from space 5120K, 99% used [0x00000000eea80000,0x00000000eef7b4c0,0x00000000eef80000)
  to   space 5120K, 0% used [0x00000000f2f80000,0x00000000f2f80000,0x00000000f3480000)
 ParOldGen       total 84992K, used 15832K [0x00000000c0000000, 0x00000000c5300000, 0x00000000eaa80000)
  object space 84992K, 18% used [0x00000000c0000000,0x00000000c0f76190,0x00000000c5300000)
 PSPermGen       total 21504K, used 6242K [0x00000000b5a00000, 0x00000000b6f00000, 0x00000000c0000000)
  object space 21504K, 29% used [0x00000000b5a00000,0x00000000b6018840,0x00000000b6f00000)
Event: 10.039 GC heap after
Heap after GC invocations=4 (full 0):
 PSYoungGen      total 136192K, used 5099K [0x00000000eaa80000, 0x00000000f3480000, 0x0000000100000000)
  eden space 131072K, 0% used [0x00000000eaa80000,0x00000000eaa80000,0x00000000f2a80000)
  from space 5120K, 99% used [0x00000000f2f80000,0x00000000f347af20,0x00000000f3480000)
  to   space 5120K, 0% used [0x00000000f2a80000,0x00000000f2a80000,0x00000000f2f80000)
 ParOldGen       total 84992K, used 25956K [0x00000000c0000000, 0x00000000c5300000, 0x00000000eaa80000)
  object space 84992K, 30% used [0x00000000c0000000,0x00000000c1959100,0x00000000c5300000)
 PSPermGen       total 21504K, used 6242K [0x00000000b5a00000, 0x00000000b6f00000, 0x00000000c0000000)
  object space 21504K, 29% used [0x00000000b5a00000,0x00000000b6018840,0x00000000b6f00000)
}
Event: 27.077 GC heap before
{Heap before GC invocations=5 (full 0):
 PSYoungGen      total 136192K, used 136171K [0x00000000eaa80000, 0x00000000f3480000, 0x0000000100000000)
  eden space 131072K, 100% used [0x00000000eaa80000,0x00000000f2a80000,0x00000000f2a80000)
  from space 5120K, 99% used [0x00000000f2f80000,0x00000000f347af20,0x00000000f3480000)
  to   space 5120K, 0% used [0x00000000f2a80000,0x00000000f2a80000,0x00000000f2f80000)
 ParOldGen       total 84992K, used 25956K [0x00000000c0000000, 0x00000000c5300000, 0x00000000eaa80000)
  object space 84992K, 30% used [0x00000000c0000000,0x00000000c1959100,0x00000000c5300000)
 PSPermGen       total 21504K, used 6512K [0x00000000b5a00000, 0x00000000b6f00000, 0x00000000c0000000)
  object space 21504K, 30% used [0x00000000b5a00000,0x00000000b605c268,0x00000000b6f00000)

Deoptimization events (10 events):
Event: 12.347 Thread 0x00007f0770199800 Uncommon trap: reason=class_check action=maybe_recompile pc=0x00007f076d15d578 method=com.android.dx.ssa.SCCP.replaceConstants()V @ 127
Event: 14.661 Thread 0x00007f077018e800 Uncommon trap: reason=unstable_if action=reinterpret pc=0x00007f076d0c9c28 method=com.android.dx.dex.code.RopTranslator.pickOrder()V @ 130
Event: 23.733 Thread 0x00007f077018e800 Uncommon trap: reason=class_check action=maybe_recompile pc=0x00007f076d0a0cc8 method=com.android.dx.util.FixedSizeList.equals(Ljava/lang/Object;)Z @ 25
Event: 23.733 Thread 0x00007f077018e800 Uncommon trap: reason=unstable_if action=reinterpret pc=0x00007f076d09ad6c method=java.util.Arrays.equals([Ljava/lang/Object;[Ljava/lang/Object;)Z @ 23
Event: 23.874 Thread 0x00007f077018e800 Uncommon trap: reason=class_check action=maybe_recompile pc=0x00007f076d0a0cc8 method=com.android.dx.util.FixedSizeList.equals(Ljava/lang/Object;)Z @ 25
Event: 23.874 Thread 0x00007f077018e800 Uncommon trap: reason=class_check action=maybe_recompile pc=0x00007f076d0a0cc8 method=com.android.dx.util.FixedSizeList.equals(Ljava/lang/Object;)Z @ 25
Event: 23.874 Thread 0x00007f077018e800 Uncommon trap: reason=class_check action=maybe_recompile pc=0x00007f076d0a0cc8 method=com.android.dx.util.FixedSizeList.equals(Ljava/lang/Object;)Z @ 25
Event: 24.419 Thread 0x00007f077018e800 Uncommon trap: reason=unstable_if action=reinterpret pc=0x00007f076d0b0634 method=com.android.dx.rop.code.RegisterSpecSet.equals(Ljava/lang/Object;)Z @ 30
Event: 24.503 Thread 0x00007f077018e800 Uncommon trap: reason=unstable_if action=reinterpret pc=0x00007f076d151ac8 method=java.util.TreeMap.put(Ljava/lang/Object;Ljava/lang/Object;)Ljava/lang/Object; @ 163
Event: 26.248 Thread 0x00007f077018e800 Uncommon trap: reason=predicate action=maybe_recompile pc=0x00007f076d2e0768 method=java.util.ComparableTimSort.binarySort([Ljava/lang/Object;III)V @ 37

Internal exceptions (10 events):
Event: 23.710 Thread 0x00007f077018e800 Threw 0x00000000f226bc78 at /build/openjdk-7-9duhBW/openjdk-7-7u101-2.6.6/build/openjdk/hotspot/src/share/vm/prims/jvm.cpp:1322
Event: 23.720 Thread 0x00007f077018e800 Threw 0x00000000f2271540 at /build/openjdk-7-9duhBW/openjdk-7-7u101-2.6.6/build/openjdk/hotspot/src/share/vm/prims/jvm.cpp:1322
Event: 23.725 Thread 0x00007f077018e800 Threw 0x00000000f2278218 at /build/openjdk-7-9duhBW/openjdk-7-7u101-2.6.6/build/openjdk/hotspot/src/share/vm/prims/jvm.cpp:1322
Event: 23.725 Thread 0x00007f077018e800 Threw 0x00000000f227b778 at /build/openjdk-7-9duhBW/openjdk-7-7u101-2.6.6/build/openjdk/hotspot/src/share/vm/prims/jvm.cpp:1322
Event: 23.726 Thread 0x00007f077018e800 Threw 0x00000000f2280c20 at /build/openjdk-7-9duhBW/openjdk-7-7u101-2.6.6/build/openjdk/hotspot/src/share/vm/prims/jvm.cpp:1322
Event: 23.726 Thread 0x00007f077018e800 Threw 0x00000000f2285808 at /build/openjdk-7-9duhBW/openjdk-7-7u101-2.6.6/build/openjdk/hotspot/src/share/vm/prims/jvm.cpp:1322
Event: 23.733 Thread 0x00007f077018e800 Threw 0x00000000f2296f18 at /build/openjdk-7-9duhBW/openjdk-7-7u101-2.6.6/build/openjdk/hotspot/src/share/vm/prims/jvm.cpp:1322
Event: 23.733 Thread 0x00007f077018e800 Threw 0x00000000f229a540 at /build/openjdk-7-9duhBW/openjdk-7-7u101-2.6.6/build/openjdk/hotspot/src/share/vm/prims/jvm.cpp:1322
Event: 23.734 Thread 0x00007f077018e800 Threw 0x00000000f229ddd8 at /build/openjdk-7-9duhBW/openjdk-7-7u101-2.6.6/build/openjdk/hotspot/src/share/vm/prims/jvm.cpp:1322
Event: 23.756 Thread 0x00007f077018e800 Threw 0x00000000f22aef90 at /build/openjdk-7-9duhBW/openjdk-7-7u101-2.6.6/build/openjdk/hotspot/src/share/vm/prims/jvm.cpp:1322

Events (10 events):
Event: 24.419 Thread 0x00007f077018e800 Uncommon trap: trap_request=0xffffff75 fr.pc=0x00007f076d0b0634
Event: 24.419 Thread 0x00007f077018e800 DEOPT PACKING pc=0x00007f076d0b0634 sp=0x00007f0764c0c050
Event: 24.419 Thread 0x00007f077018e800 DEOPT UNPACKING pc=0x00007f076d039045 sp=0x00007f0764c0bff0 mode 2
Event: 24.503 Thread 0x00007f077018e800 Uncommon trap: trap_request=0xffffff75 fr.pc=0x00007f076d151ac8
Event: 24.503 Thread 0x00007f077018e800 DEOPT PACKING pc=0x00007f076d151ac8 sp=0x00007f0764c0c360
Event: 24.503 Thread 0x00007f077018e800 DEOPT UNPACKING pc=0x00007f076d039045 sp=0x00007f0764c0c320 mode 2
Event: 26.248 Thread 0x00007f077018e800 Uncommon trap: trap_request=0xffffff86 fr.pc=0x00007f076d2e0768
Event: 26.248 Thread 0x00007f077018e800 DEOPT PACKING pc=0x00007f076d2e0768 sp=0x00007f0764c0c0f0
Event: 26.248 Thread 0x00007f077018e800 DEOPT UNPACKING pc=0x00007f076d039045 sp=0x00007f0764c0c0d0 mode 2
Event: 27.077 Executing VM operation: ParallelGCFailedAllocation


Dynamic libraries:
00400000-00401000 r-xp 00000000 08:21 8658556                            /usr/lib/jvm/java-7-openjdk-amd64/jre/bin/java
00600000-00601000 r--p 00000000 08:21 8658556                            /usr/lib/jvm/java-7-openjdk-amd64/jre/bin/java
00601000-00602000 rw-p 00001000 08:21 8658556                            /usr/lib/jvm/java-7-openjdk-amd64/jre/bin/java
0103b000-0105c000 rw-p 00000000 00:00 0                                  [heap]
b5a00000-b6f00000 rw-p 00000000 00:00 0 
b6f00000-c0000000 rw-p 00000000 00:00 0 
c0000000-c5300000 rw-p 00000000 00:00 0 
c5300000-eaa80000 rw-p 00000000 00:00 0 
eaa80000-f3480000 rw-p 00000000 00:00 0 
fd380000-100000000 rw-p 00000000 00:00 0 
7f0720000000-7f0720021000 rw-p 00000000 00:00 0 
7f0720021000-7f0724000000 ---p 00000000 00:00 0 
7f0724000000-7f0724021000 rw-p 00000000 00:00 0 
7f0724021000-7f0728000000 ---p 00000000 00:00 0 
7f0728000000-7f0728021000 rw-p 00000000 00:00 0 
7f0728021000-7f072c000000 ---p 00000000 00:00 0 
7f072c000000-7f072c02d000 rw-p 00000000 00:00 0 
7f072c02d000-7f0730000000 ---p 00000000 00:00 0 
7f0730000000-7f0730021000 rw-p 00000000 00:00 0 
7f0730021000-7f0734000000 ---p 00000000 00:00 0 
7f0734000000-7f0734030000 rw-p 00000000 00:00 0 
7f0734030000-7f0738000000 ---p 00000000 00:00 0 
7f0738000000-7f0739a4e000 rw-p 00000000 00:00 0 
7f0739a4e000-7f073c000000 ---p 00000000 00:00 0 
7f073c000000-7f073c021000 rw-p 00000000 00:00 0 
7f073c021000-7f0740000000 ---p 00000000 00:00 0 
7f0740000000-7f0740021000 rw-p 00000000 00:00 0 
7f0740021000-7f0744000000 ---p 00000000 00:00 0 
7f0744000000-7f0745d46000 rw-p 00000000 00:00 0 
7f0745d46000-7f0748000000 ---p 00000000 00:00 0 
7f0748000000-7f0748021000 rw-p 00000000 00:00 0 
7f0748021000-7f074c000000 ---p 00000000 00:00 0 
7f074c000000-7f074c021000 rw-p 00000000 00:00 0 
7f074c021000-7f0750000000 ---p 00000000 00:00 0 
7f0750000000-7f0750021000 rw-p 00000000 00:00 0 
7f0750021000-7f0754000000 ---p 00000000 00:00 0 
7f0754000000-7f0754021000 rw-p 00000000 00:00 0 
7f0754021000-7f0758000000 ---p 00000000 00:00 0 
7f0758000000-7f0758021000 rw-p 00000000 00:00 0 
7f0758021000-7f075c000000 ---p 00000000 00:00 0 
7f0760000000-7f0760021000 rw-p 00000000 00:00 0 
7f0760021000-7f0764000000 ---p 00000000 00:00 0 
7f076480a000-7f076480d000 ---p 00000000 00:00 0 
7f076480d000-7f076490b000 rw-p 00000000 00:00 0 
7f076490b000-7f076490e000 ---p 00000000 00:00 0 
7f076490e000-7f0764a0c000 rw-p 00000000 00:00 0 
7f0764a0c000-7f0764a0f000 ---p 00000000 00:00 0 
7f0764a0f000-7f0764b0d000 rw-p 00000000 00:00 0 
7f0764b0d000-7f0764b10000 ---p 00000000 00:00 0 
7f0764b10000-7f0764c0e000 rw-p 00000000 00:00 0                          [stack:8186]
7f0764c0e000-7f0764c11000 ---p 00000000 00:00 0 
7f0764c11000-7f0764d40000 rw-p 00000000 00:00 0 
7f0764d40000-7f0764d7d000 r-xp 00000000 08:21 2097339                    /lib/x86_64-linux-gnu/libpcre.so.3.13.1
7f0764d7d000-7f0764f7c000 ---p 0003d000 08:21 2097339                    /lib/x86_64-linux-gnu/libpcre.so.3.13.1
7f0764f7c000-7f0764f7d000 r--p 0003c000 08:21 2097339                    /lib/x86_64-linux-gnu/libpcre.so.3.13.1
7f0764f7d000-7f0764f7e000 rw-p 0003d000 08:21 2097339                    /lib/x86_64-linux-gnu/libpcre.so.3.13.1
7f0764f7e000-7f0764f85000 r-xp 00000000 08:21 8651438                    /usr/lib/x86_64-linux-gnu/libffi.so.6.0.1
7f0764f85000-7f0765184000 ---p 00007000 08:21 8651438                    /usr/lib/x86_64-linux-gnu/libffi.so.6.0.1
7f0765184000-7f0765185000 r--p 00006000 08:21 8651438                    /usr/lib/x86_64-linux-gnu/libffi.so.6.0.1
7f0765185000-7f0765186000 rw-p 00007000 08:21 8651438                    /usr/lib/x86_64-linux-gnu/libffi.so.6.0.1
7f0765186000-7f076519d000 r-xp 00000000 08:21 2097382                    /lib/x86_64-linux-gnu/libresolv-2.19.so
7f076519d000-7f076539d000 ---p 00017000 08:21 2097382                    /lib/x86_64-linux-gnu/libresolv-2.19.so
7f076539d000-7f076539e000 r--p 00017000 08:21 2097382                    /lib/x86_64-linux-gnu/libresolv-2.19.so
7f076539e000-7f076539f000 rw-p 00018000 08:21 2097382                    /lib/x86_64-linux-gnu/libresolv-2.19.so
7f076539f000-7f07653a1000 rw-p 00000000 00:00 0 
7f07653a1000-7f07653c1000 r-xp 00000000 08:21 2101272                    /lib/x86_64-linux-gnu/libselinux.so.1
7f07653c1000-7f07655c0000 ---p 00020000 08:21 2101272                    /lib/x86_64-linux-gnu/libselinux.so.1
7f07655c0000-7f07655c1000 r--p 0001f000 08:21 2101272                    /lib/x86_64-linux-gnu/libselinux.so.1
7f07655c1000-7f07655c2000 rw-p 00020000 08:21 2101272                    /lib/x86_64-linux-gnu/libselinux.so.1
7f07655c2000-7f07655c4000 rw-p 00000000 00:00 0 
7f07655c4000-7f07655c7000 r-xp 00000000 08:21 8651136                    /usr/lib/x86_64-linux-gnu/libgmodule-2.0.so.0.4002.0
7f07655c7000-7f07657c6000 ---p 00003000 08:21 8651136                    /usr/lib/x86_64-linux-gnu/libgmodule-2.0.so.0.4002.0
7f07657c6000-7f07657c7000 r--p 00002000 08:21 8651136                    /usr/lib/x86_64-linux-gnu/libgmodule-2.0.so.0.4002.0
7f07657c7000-7f07657c8000 rw-p 00003000 08:21 8651136                    /usr/lib/x86_64-linux-gnu/libgmodule-2.0.so.0.4002.0
7f07657c8000-7f07658ce000 r-xp 00000000 08:21 2103853                    /lib/x86_64-linux-gnu/libglib-2.0.so.0.4002.0
7f07658ce000-7f0765acd000 ---p 00106000 08:21 2103853                    /lib/x86_64-linux-gnu/libglib-2.0.so.0.4002.0
7f0765acd000-7f0765ace000 r--p 00105000 08:21 2103853                    /lib/x86_64-linux-gnu/libglib-2.0.so.0.4002.0
7f0765ace000-7f0765acf000 rw-p 00106000 08:21 2103853                    /lib/x86_64-linux-gnu/libglib-2.0.so.0.4002.0
7f0765acf000-7f0768000000 rw-p 00000000 00:00 0 
7f0768000000-7f0768021000 rw-p 00000000 00:00 0 
7f0768021000-7f076c000000 ---p 00000000 00:00 0 
7f076c01a000-7f076c069000 r-xp 00000000 08:21 8651155                    /usr/lib/x86_64-linux-gnu/libgobject-2.0.so.0.4002.0
7f076c069000-7f076c269000 ---p 0004f000 08:21 8651155                    /usr/lib/x86_64-linux-gnu/libgobject-2.0.so.0.4002.0
7f076c269000-7f076c26a000 r--p 0004f000 08:21 8651155                    /usr/lib/x86_64-linux-gnu/libgobject-2.0.so.0.4002.0
7f076c26a000-7f076c26b000 rw-p 00050000 08:21 8651155                    /usr/lib/x86_64-linux-gnu/libgobject-2.0.so.0.4002.0
7f076c26b000-7f076c3d7000 r-xp 00000000 08:21 8651158                    /usr/lib/x86_64-linux-gnu/libgio-2.0.so.0.4002.0
7f076c3d7000-7f076c5d6000 ---p 0016c000 08:21 8651158                    /usr/lib/x86_64-linux-gnu/libgio-2.0.so.0.4002.0
7f076c5d6000-7f076c5da000 r--p 0016b000 08:21 8651158                    /usr/lib/x86_64-linux-gnu/libgio-2.0.so.0.4002.0
7f076c5da000-7f076c5dc000 rw-p 0016f000 08:21 8651158                    /usr/lib/x86_64-linux-gnu/libgio-2.0.so.0.4002.0
7f076c5dc000-7f076c5de000 rw-p 00000000 00:00 0 
7f076c600000-7f076c617000 r-xp 00000000 08:21 8661613                    /usr/lib/jvm/java-7-openjdk-amd64/jre/lib/amd64/libnet.so
7f076c617000-7f076c816000 ---p 00017000 08:21 8661613                    /usr/lib/jvm/java-7-openjdk-amd64/jre/lib/amd64/libnet.so
7f076c816000-7f076c817000 r--p 00016000 08:21 8661613                    /usr/lib/jvm/java-7-openjdk-amd64/jre/lib/amd64/libnet.so
7f076c817000-7f076c818000 rw-p 00017000 08:21 8661613                    /usr/lib/jvm/java-7-openjdk-amd64/jre/lib/amd64/libnet.so
7f076c818000-7f076c828000 r-xp 00000000 08:21 8661634                    /usr/lib/jvm/java-7-openjdk-amd64/jre/lib/amd64/libnio.so
7f076c828000-7f076ca28000 ---p 00010000 08:21 8661634                    /usr/lib/jvm/java-7-openjdk-amd64/jre/lib/amd64/libnio.so
7f076ca28000-7f076ca29000 r--p 00010000 08:21 8661634                    /usr/lib/jvm/java-7-openjdk-amd64/jre/lib/amd64/libnio.so
7f076ca29000-7f076ca2a000 rw-p 00011000 08:21 8661634                    /usr/lib/jvm/java-7-openjdk-amd64/jre/lib/amd64/libnio.so
7f076ca34000-7f076ca35000 ---p 00000000 00:00 0 
7f076ca35000-7f076cb35000 rw-p 00000000 00:00 0                          [stack:8077]
7f076cb35000-7f076cb38000 ---p 00000000 00:00 0 
7f076cb38000-7f076cc36000 rw-p 00000000 00:00 0                          [stack:8076]
7f076cc36000-7f076cc39000 ---p 00000000 00:00 0 
7f076cc39000-7f076cd37000 rw-p 00000000 00:00 0                          [stack:8075]
7f076cd37000-7f076d000000 r--p 00000000 08:21 8658687                    /usr/lib/locale/locale-archive
7f076d000000-7f076d330000 rwxp 00000000 00:00 0 
7f076d330000-7f07701cf000 rw-p 00000000 00:00 0 
7f07701cf000-7f0774000000 ---p 00000000 00:00 0 
7f0774006000-7f0774015000 r--s 000df000 08:21 262433                     /home/deamon/Android/Sdk/build-tools/23.0.1/lib/dx.jar
7f0774015000-7f0774018000 ---p 00000000 00:00 0 
7f0774018000-7f0774116000 rw-p 00000000 00:00 0                          [stack:8074]
7f0774116000-7f0774119000 ---p 00000000 00:00 0 
7f0774119000-7f0774217000 rw-p 00000000 00:00 0                          [stack:8073]
7f0774217000-7f077421a000 ---p 00000000 00:00 0 
7f077421a000-7f0774318000 rw-p 00000000 00:00 0                          [stack:8072]
7f0774318000-7f077431b000 ---p 00000000 00:00 0 
7f077431b000-7f0774419000 rw-p 00000000 00:00 0                          [stack:8071]
7f0774419000-7f077441a000 ---p 00000000 00:00 0 
7f077441a000-7f0775517000 rw-p 00000000 00:00 0                          [stack:8070]
7f0775517000-7f07756c9000 r--s 01d32000 08:21 8661647                    /usr/lib/jvm/java-7-openjdk-amd64/jre/lib/rt.jar
7f07756c9000-7f0775a15000 rw-p 00000000 00:00 0 
7f0775a15000-7f0775a16000 ---p 00000000 00:00 0 
7f0775a16000-7f0775b16000 rw-p 00000000 00:00 0                          [stack:8069]
7f0775b16000-7f0775b17000 ---p 00000000 00:00 0 
7f0775b17000-7f0775c17000 rw-p 00000000 00:00 0                          [stack:8068]
7f0775c17000-7f0775c18000 ---p 00000000 00:00 0 
7f0775c18000-7f0775d18000 rw-p 00000000 00:00 0                          [stack:8067]
7f0775d18000-7f0775d19000 ---p 00000000 00:00 0 
7f0775d19000-7f0775e24000 rw-p 00000000 00:00 0                          [stack:8066]
7f0775e24000-7f0775e6c000 rw-p 00000000 00:00 0 
7f0775e6c000-7f0775e96000 rw-p 00000000 00:00 0 
7f0775e96000-7f0775fc2000 rw-p 00000000 00:00 0 
7f0775fc2000-7f0775fcd000 rw-p 00000000 00:00 0 
7f0775fcd000-7f0776015000 rw-p 00000000 00:00 0 
7f0776015000-7f077603f000 rw-p 00000000 00:00 0 
7f077603f000-7f077616a000 rw-p 00000000 00:00 0 
7f077616a000-7f07761b0000 rw-p 00000000 00:00 0 
7f07761b0000-7f0776215000 rw-p 00000000 00:00 0 
7f0776215000-7f0776216000 rw-p 00000000 00:00 0 
7f0776216000-7f077621e000 r-xp 00000000 08:21 8661618                    /usr/lib/jvm/java-7-openjdk-amd64/jre/lib/amd64/libzip.so
7f077621e000-7f077641d000 ---p 00008000 08:21 8661618                    /usr/lib/jvm/java-7-openjdk-amd64/jre/lib/amd64/libzip.so
7f077641d000-7f077641e000 r--p 00007000 08:21 8661618                    /usr/lib/jvm/java-7-openjdk-amd64/jre/lib/amd64/libzip.so
7f077641e000-7f077641f000 rw-p 00008000 08:21 8661618                    /usr/lib/jvm/java-7-openjdk-amd64/jre/lib/amd64/libzip.so
7f077641f000-7f077642a000 r-xp 00000000 08:21 2098455                    /lib/x86_64-linux-gnu/libnss_files-2.19.so
7f077642a000-7f0776629000 ---p 0000b000 08:21 2098455                    /lib/x86_64-linux-gnu/libnss_files-2.19.so
7f0776629000-7f077662a000 r--p 0000a000 08:21 2098455                    /lib/x86_64-linux-gnu/libnss_files-2.19.so
7f077662a000-7f077662b000 rw-p 0000b000 08:21 2098455                    /lib/x86_64-linux-gnu/libnss_files-2.19.so
7f077662b000-7f0776636000 r-xp 00000000 08:21 2098447                    /lib/x86_64-linux-gnu/libnss_nis-2.19.so
7f0776636000-7f0776835000 ---p 0000b000 08:21 2098447                    /lib/x86_64-linux-gnu/libnss_nis-2.19.so
7f0776835000-7f0776836000 r--p 0000a000 08:21 2098447                    /lib/x86_64-linux-gnu/libnss_nis-2.19.so
7f0776836000-7f0776837000 rw-p 0000b000 08:21 2098447                    /lib/x86_64-linux-gnu/libnss_nis-2.19.so
7f0776837000-7f077684e000 r-xp 00000000 08:21 2098443                    /lib/x86_64-linux-gnu/libnsl-2.19.so
7f077684e000-7f0776a4d000 ---p 00017000 08:21 2098443                    /lib/x86_64-linux-gnu/libnsl-2.19.so
7f0776a4d000-7f0776a4e000 r--p 00016000 08:21 2098443                    /lib/x86_64-linux-gnu/libnsl-2.19.so
7f0776a4e000-7f0776a4f000 rw-p 00017000 08:21 2098443                    /lib/x86_64-linux-gnu/libnsl-2.19.so
7f0776a4f000-7f0776a51000 rw-p 00000000 00:00 0 
7f0776a51000-7f0776a5a000 r-xp 00000000 08:21 2097435                    /lib/x86_64-linux-gnu/libnss_compat-2.19.so
7f0776a5a000-7f0776c59000 ---p 00009000 08:21 2097435                    /lib/x86_64-linux-gnu/libnss_compat-2.19.so
7f0776c59000-7f0776c5a000 r--p 00008000 08:21 2097435                    /lib/x86_64-linux-gnu/libnss_compat-2.19.so
7f0776c5a000-7f0776c5b000 rw-p 00009000 08:21 2097435                    /lib/x86_64-linux-gnu/libnss_compat-2.19.so
7f0776c5b000-7f0776c86000 r-xp 00000000 08:21 8661598                    /usr/lib/jvm/java-7-openjdk-amd64/jre/lib/amd64/libjava.so
7f0776c86000-7f0776e86000 ---p 0002b000 08:21 8661598                    /usr/lib/jvm/java-7-openjdk-amd64/jre/lib/amd64/libjava.so
7f0776e86000-7f0776e87000 r--p 0002b000 08:21 8661598                    /usr/lib/jvm/java-7-openjdk-amd64/jre/lib/amd64/libjava.so
7f0776e87000-7f0776e89000 rw-p 0002c000 08:21 8661598                    /usr/lib/jvm/java-7-openjdk-amd64/jre/lib/amd64/libjava.so
7f0776e89000-7f0776e99000 r-xp 00000000 08:21 8661600                    /usr/lib/jvm/java-7-openjdk-amd64/jre/lib/amd64/libverify.so
7f0776e99000-7f0777098000 ---p 00010000 08:21 8661600                    /usr/lib/jvm/java-7-openjdk-amd64/jre/lib/amd64/libverify.so
7f0777098000-7f077709a000 r--p 0000f000 08:21 8661600                    /usr/lib/jvm/java-7-openjdk-amd64/jre/lib/amd64/libverify.so
7f077709a000-7f077709b000 rw-p 00011000 08:21 8661600                    /usr/lib/jvm/java-7-openjdk-amd64/jre/lib/amd64/libverify.so
7f077709b000-7f07770a2000 r-xp 00000000 08:21 2098451                    /lib/x86_64-linux-gnu/librt-2.19.so
7f07770a2000-7f07772a1000 ---p 00007000 08:21 2098451                    /lib/x86_64-linux-gnu/librt-2.19.so
7f07772a1000-7f07772a2000 r--p 00006000 08:21 2098451                    /lib/x86_64-linux-gnu/librt-2.19.so
7f07772a2000-7f07772a3000 rw-p 00007000 08:21 2098451                    /lib/x86_64-linux-gnu/librt-2.19.so
7f07772a3000-7f07772b9000 r-xp 00000000 08:21 2097417                    /lib/x86_64-linux-gnu/libgcc_s.so.1
7f07772b9000-7f07774b8000 ---p 00016000 08:21 2097417                    /lib/x86_64-linux-gnu/libgcc_s.so.1
7f07774b8000-7f07774b9000 rw-p 00015000 08:21 2097417                    /lib/x86_64-linux-gnu/libgcc_s.so.1
7f07774b9000-7f07775be000 r-xp 00000000 08:21 2097430                    /lib/x86_64-linux-gnu/libm-2.19.so
7f07775be000-7f07777bd000 ---p 00105000 08:21 2097430                    /lib/x86_64-linux-gnu/libm-2.19.so
7f07777bd000-7f07777be000 r--p 00104000 08:21 2097430                    /lib/x86_64-linux-gnu/libm-2.19.so
7f07777be000-7f07777bf000 rw-p 00105000 08:21 2097430                    /lib/x86_64-linux-gnu/libm-2.19.so
7f07777bf000-7f07778a5000 r-xp 00000000 08:21 8656120                    /usr/lib/x86_64-linux-gnu/libstdc++.so.6.0.19
7f07778a5000-7f0777aa4000 ---p 000e6000 08:21 8656120                    /usr/lib/x86_64-linux-gnu/libstdc++.so.6.0.19
7f0777aa4000-7f0777aac000 r--p 000e5000 08:21 8656120                    /usr/lib/x86_64-linux-gnu/libstdc++.so.6.0.19
7f0777aac000-7f0777aae000 rw-p 000ed000 08:21 8656120                    /usr/lib/x86_64-linux-gnu/libstdc++.so.6.0.19
7f0777aae000-7f0777ac3000 rw-p 00000000 00:00 0 
7f0777ac3000-7f07785e8000 r-xp 00000000 08:21 8661616                    /usr/lib/jvm/java-7-openjdk-amd64/jre/lib/amd64/server/libjvm.so
7f07785e8000-7f07787e8000 ---p 00b25000 08:21 8661616                    /usr/lib/jvm/java-7-openjdk-amd64/jre/lib/amd64/server/libjvm.so
7f07787e8000-7f0778882000 r--p 00b25000 08:21 8661616                    /usr/lib/jvm/java-7-openjdk-amd64/jre/lib/amd64/server/libjvm.so
7f0778882000-7f07788a5000 rw-p 00bbf000 08:21 8661616                    /usr/lib/jvm/java-7-openjdk-amd64/jre/lib/amd64/server/libjvm.so
7f07788a5000-7f07788d4000 rw-p 00000000 00:00 0 
7f07788d4000-7f07788ec000 r-xp 00000000 08:21 2101303                    /lib/x86_64-linux-gnu/libz.so.1.2.8
7f07788ec000-7f0778aeb000 ---p 00018000 08:21 2101303                    /lib/x86_64-linux-gnu/libz.so.1.2.8
7f0778aeb000-7f0778aec000 r--p 00017000 08:21 2101303                    /lib/x86_64-linux-gnu/libz.so.1.2.8
7f0778aec000-7f0778aed000 rw-p 00018000 08:21 2101303                    /lib/x86_64-linux-gnu/libz.so.1.2.8
7f0778aed000-7f0778b06000 r-xp 00000000 08:21 2098444                    /lib/x86_64-linux-gnu/libpthread-2.19.so
7f0778b06000-7f0778d05000 ---p 00019000 08:21 2098444                    /lib/x86_64-linux-gnu/libpthread-2.19.so
7f0778d05000-7f0778d06000 r--p 00018000 08:21 2098444                    /lib/x86_64-linux-gnu/libpthread-2.19.so
7f0778d06000-7f0778d07000 rw-p 00019000 08:21 2098444                    /lib/x86_64-linux-gnu/libpthread-2.19.so
7f0778d07000-7f0778d0b000 rw-p 00000000 00:00 0 
7f0778d0b000-7f0778d0e000 r-xp 00000000 08:21 2097432                    /lib/x86_64-linux-gnu/libdl-2.19.so
7f0778d0e000-7f0778f0d000 ---p 00003000 08:21 2097432                    /lib/x86_64-linux-gnu/libdl-2.19.so
7f0778f0d000-7f0778f0e000 r--p 00002000 08:21 2097432                    /lib/x86_64-linux-gnu/libdl-2.19.so
7f0778f0e000-7f0778f0f000 rw-p 00003000 08:21 2097432                    /lib/x86_64-linux-gnu/libdl-2.19.so
7f0778f0f000-7f07790ca000 r-xp 00000000 08:21 2098452                    /lib/x86_64-linux-gnu/libc-2.19.so
7f07790ca000-7f07792c9000 ---p 001bb000 08:21 2098452                    /lib/x86_64-linux-gnu/libc-2.19.so
7f07792c9000-7f07792cd000 r--p 001ba000 08:21 2098452                    /lib/x86_64-linux-gnu/libc-2.19.so
7f07792cd000-7f07792cf000 rw-p 001be000 08:21 2098452                    /lib/x86_64-linux-gnu/libc-2.19.so
7f07792cf000-7f07792d4000 rw-p 00000000 00:00 0 
7f07792d4000-7f07792e1000 r-xp 00000000 08:21 8661631                    /usr/lib/jvm/java-7-openjdk-amd64/jre/lib/amd64/jli/libjli.so
7f07792e1000-7f07794e0000 ---p 0000d000 08:21 8661631                    /usr/lib/jvm/java-7-openjdk-amd64/jre/lib/amd64/jli/libjli.so
7f07794e0000-7f07794e1000 r--p 0000c000 08:21 8661631                    /usr/lib/jvm/java-7-openjdk-amd64/jre/lib/amd64/jli/libjli.so
7f07794e1000-7f07794e2000 rw-p 0000d000 08:21 8661631                    /usr/lib/jvm/java-7-openjdk-amd64/jre/lib/amd64/jli/libjli.so
7f07794e2000-7f0779505000 r-xp 00000000 08:21 2098445                    /lib/x86_64-linux-gnu/ld-2.19.so
7f0779505000-7f0779506000 rw-p 00000000 00:00 0 
7f0779506000-7f0779507000 r--s 00002000 08:21 8661734                    /usr/lib/jvm/java-7-openjdk-amd64/jre/lib/ext/dnsns.jar
7f0779507000-7f077950a000 r--s 0000f000 08:21 8661737                    /usr/lib/jvm/java-7-openjdk-amd64/jre/lib/ext/icedtea-sound.jar
7f077950a000-7f077950c000 r--s 00012000 08:21 8661735                    /usr/lib/jvm/java-7-openjdk-amd64/jre/lib/ext/zipfs.jar
7f077950c000-7f077950e000 r--s 00006000 08:21 8917114                    /usr/share/java/java-atk-wrapper.jar
7f077950e000-7f0779512000 r--s 0003c000 08:21 8661739                    /usr/lib/jvm/java-7-openjdk-amd64/jre/lib/ext/sunpkcs11.jar
7f0779512000-7f0779516000 r--s 00034000 08:21 8661736                    /usr/lib/jvm/java-7-openjdk-amd64/jre/lib/ext/sunjce_provider.jar
7f0779516000-7f077951a000 r--s 00085000 08:21 8661738                    /usr/lib/jvm/java-7-openjdk-amd64/jre/lib/ext/localedata.jar
7f077951a000-7f0779527000 rw-p 00000000 00:00 0 
7f0779527000-7f07795da000 rw-p 00000000 00:00 0 
7f07795da000-7f07795dd000 ---p 00000000 00:00 0 
7f07795dd000-7f07796f8000 rw-p 00000000 00:00 0                          [stack:8064]
7f07796f8000-7f0779700000 rw-s 00000000 08:21 11145247                   /tmp/hsperfdata_deamon/8061
7f0779700000-7f0779701000 rw-p 00000000 00:00 0 
7f0779701000-7f0779702000 ---p 00000000 00:00 0 
7f0779702000-7f0779704000 rw-p 00000000 00:00 0 
7f0779704000-7f0779705000 r--p 00022000 08:21 2098445                    /lib/x86_64-linux-gnu/ld-2.19.so
7f0779705000-7f0779706000 rw-p 00023000 08:21 2098445                    /lib/x86_64-linux-gnu/ld-2.19.so
7f0779706000-7f0779707000 rw-p 00000000 00:00 0 
7ffc50232000-7ffc50253000 rw-p 00000000 00:00 0                          [stack]
7ffc5038e000-7ffc50390000 r-xp 00000000 00:00 0                          [vdso]
ffffffffff600000-ffffffffff601000 r-xp 00000000 00:00 0                  [vsyscall]

VM Arguments:
jvm_args: -Djava.awt.headless=true -Xmx1024M -Dfile.encoding=UTF-8 -Duser.country=US -Duser.language=en -Duser.variant 
java_command: com.android.dx.command.Main --dex --force-jumbo --num-threads=4 --multi-dex --output /mnt/Storage/School/CSE 190/UCSanDroid/profitableandroid/app/build/intermediates/transforms/dex/debug/folders/1000/10/com.android.support-appcompat-v7-23.1.0_589b0fa6137311a65af215418f3d8563d742801b /mnt/Storage/School/CSE 190/UCSanDroid/profitableandroid/app/build/intermediates/exploded-aar/com.android.support/appcompat-v7/23.1.0/jars/classes.jar
Launcher Type: SUN_STANDARD

Environment Variables:
JAVA_HOME=/usr/lib/jvm/java-8-oracle
PATH=/usr/local/sbin:/usr/local/bin:/usr/sbin:/usr/bin:/sbin:/bin:/usr/games:/usr/local/games:/usr/lib/jvm/java-8-oracle/bin:/usr/lib/jvm/java-8-oracle/db/bin:/usr/lib/jvm/java-8-oracle/jre/bin
LD_LIBRARY_PATH=/home/deamon/Downloads/android-studio/bin:/usr/lib32
SHELL=/bin/bash
DISPLAY=:0

Signal Handlers:
SIGSEGV: [libjvm.so+0x9561e0], sa_mask[0]=0x7ffbfeff, sa_flags=0x10000004
SIGBUS: [libjvm.so+0x9561e0], sa_mask[0]=0x7ffbfeff, sa_flags=0x10000004
SIGFPE: [libjvm.so+0x7cc4d0], sa_mask[0]=0x7ffbfeff, sa_flags=0x10000004
SIGPIPE: [libjvm.so+0x7cc4d0], sa_mask[0]=0x7ffbfeff, sa_flags=0x10000004
SIGXFSZ: [libjvm.so+0x7cc4d0], sa_mask[0]=0x7ffbfeff, sa_flags=0x10000004
SIGILL: [libjvm.so+0x7cc4d0], sa_mask[0]=0x7ffbfeff, sa_flags=0x10000004
SIGUSR1: SIG_DFL, sa_mask[0]=0x00000000, sa_flags=0x00000000
SIGUSR2: [libjvm.so+0x7cc370], sa_mask[0]=0x00000004, sa_flags=0x10000004
SIGHUP: [libjvm.so+0x7cc550], sa_mask[0]=0x7ffbfeff, sa_flags=0x10000004
SIGINT: [libjvm.so+0x7cc550], sa_mask[0]=0x7ffbfeff, sa_flags=0x10000004
SIGTERM: [libjvm.so+0x7cc550], sa_mask[0]=0x7ffbfeff, sa_flags=0x10000004
SIGQUIT: [libjvm.so+0x7cc550], sa_mask[0]=0x7ffbfeff, sa_flags=0x10000004
SIGTRAP: SIG_DFL, sa_mask[0]=0x00000000, sa_flags=0x00000000


---------------  S Y S T E M  ---------------

OS:Ubuntu 14.04 (trusty)
uname:Linux 3.13.0-85-generic #129-Ubuntu SMP Thu Mar 17 20:50:15 UTC 2016 x86_64
libc:glibc 2.19 NPTL 2.19 
rlimit: STACK 8192k, CORE 0k, NPROC 63147, NOFILE 4096, AS infinity
load average:14.07 6.51 3.18

/proc/meminfo:
MemTotal:        8176568 kB
MemFree:          125816 kB
Buffers:            2584 kB
Cached:           234464 kB
SwapCached:            0 kB
Active:          5001508 kB
Inactive:         193728 kB
Active(anon):    4959996 kB
Inactive(anon):   152412 kB
Active(file):      41512 kB
Inactive(file):    41316 kB
Unevictable:          64 kB
Mlocked:              64 kB
SwapTotal:             0 kB
SwapFree:              0 kB
Dirty:              3588 kB
Writeback:             0 kB
AnonPages:       4958564 kB
Mapped:          1311888 kB
Shmem:            154076 kB
Slab:              93924 kB
SReclaimable:      34424 kB
SUnreclaim:        59500 kB
KernelStack:        7360 kB
PageTables:        73196 kB
NFS_Unstable:          0 kB
Bounce:                0 kB
WritebackTmp:          0 kB
CommitLimit:     4088284 kB
Committed_AS:   10797260 kB
VmallocTotal:   34359738367 kB
VmallocUsed:      313036 kB
VmallocChunk:   34359421716 kB
HardwareCorrupted:     0 kB
AnonHugePages:   1910784 kB
HugePages_Total:       0
HugePages_Free:        0
HugePages_Rsvd:        0
HugePages_Surp:        0
Hugepagesize:       2048 kB
DirectMap4k:     4789824 kB
DirectMap2M:     3598336 kB
DirectMap1G:           0 kB


CPU:total 4 (4 cores per cpu, 1 threads per core) family 16 model 4 stepping 3, cmov, cx8, fxsr, mmx, sse, sse2, sse3, popcnt, mmxext, 3dnowpref, lzcnt, sse4a, tsc, tscinvbit, tscinv

/proc/cpuinfo:
processor	: 0
vendor_id	: AuthenticAMD
cpu family	: 16
model		: 4
model name	: AMD Phenom(tm) II X4 970 Processor
stepping	: 3
microcode	: 0x10000c8
cpu MHz		: 3500.000
cache size	: 512 KB
physical id	: 0
siblings	: 4
core id		: 0
cpu cores	: 4
apicid		: 0
initial apicid	: 0
fpu		: yes
fpu_exception	: yes
cpuid level	: 5
wp		: yes
flags		: fpu vme de pse tsc msr pae mce cx8 apic sep mtrr pge mca cmov pat pse36 clflush mmx fxsr sse sse2 ht syscall nx mmxext fxsr_opt pdpe1gb rdtscp lm 3dnowext 3dnow constant_tsc rep_good nopl nonstop_tsc extd_apicid pni monitor cx16 popcnt lahf_lm cmp_legacy svm extapic cr8_legacy abm sse4a misalignsse 3dnowprefetch osvw ibs skinit wdt hw_pstate npt lbrv svm_lock nrip_save vmmcall
bogomips	: 7000.34
TLB size	: 1024 4K pages
clflush size	: 64
cache_alignment	: 64
address sizes	: 48 bits physical, 48 bits virtual
power management: ts ttp tm stc 100mhzsteps hwpstate

processor	: 1
vendor_id	: AuthenticAMD
cpu family	: 16
model		: 4
model name	: AMD Phenom(tm) II X4 970 Processor
stepping	: 3
microcode	: 0x10000c8
cpu MHz		: 3500.000
cache size	: 512 KB
physical id	: 0
siblings	: 4
core id		: 1
cpu cores	: 4
apicid		: 1
initial apicid	: 1
fpu		: yes
fpu_exception	: yes
cpuid level	: 5
wp		: yes
flags		: fpu vme de pse tsc msr pae mce cx8 apic sep mtrr pge mca cmov pat pse36 clflush mmx fxsr sse sse2 ht syscall nx mmxext fxsr_opt pdpe1gb rdtscp lm 3dnowext 3dnow constant_tsc rep_good nopl nonstop_tsc extd_apicid pni monitor cx16 popcnt lahf_lm cmp_legacy svm extapic cr8_legacy abm sse4a misalignsse 3dnowprefetch osvw ibs skinit wdt hw_pstate npt lbrv svm_lock nrip_save vmmcall
bogomips	: 7000.34
TLB size	: 1024 4K pages
clflush size	: 64
cache_alignment	: 64
address sizes	: 48 bits physical, 48 bits virtual
power management: ts ttp tm stc 100mhzsteps hwpstate

processor	: 2
vendor_id	: AuthenticAMD
cpu family	: 16
model		: 4
model name	: AMD Phenom(tm) II X4 970 Processor
stepping	: 3
microcode	: 0x10000c8
cpu MHz		: 3500.000
cache size	: 512 KB
physical id	: 0
siblings	: 4
core id		: 2
cpu cores	: 4
apicid		: 2
initial apicid	: 2
fpu		: yes
fpu_exception	: yes
cpuid level	: 5
wp		: yes
flags		: fpu vme de pse tsc msr pae mce cx8 apic sep mtrr pge mca cmov pat pse36 clflush mmx fxsr sse sse2 ht syscall nx mmxext fxsr_opt pdpe1gb rdtscp lm 3dnowext 3dnow constant_tsc rep_good nopl nonstop_tsc extd_apicid pni monitor cx16 popcnt lahf_lm cmp_legacy svm extapic cr8_legacy abm sse4a misalignsse 3dnowprefetch osvw ibs skinit wdt hw_pstate npt lbrv svm_lock nrip_save vmmcall
bogomips	: 7000.34
TLB size	: 1024 4K pages
clflush size	: 64
cache_alignment	: 64
address sizes	: 48 bits physical, 48 bits virtual
power management: ts ttp tm stc 100mhzsteps hwpstate

processor	: 3
vendor_id	: AuthenticAMD
cpu family	: 16
model		: 4
model name	: AMD Phenom(tm) II X4 970 Processor
stepping	: 3
microcode	: 0x10000c8
cpu MHz		: 3500.000
cache size	: 512 KB
physical id	: 0
siblings	: 4
core id		: 3
cpu cores	: 4
apicid		: 3
initial apicid	: 3
fpu		: yes
fpu_exception	: yes
cpuid level	: 5
wp		: yes
flags		: fpu vme de pse tsc msr pae mce cx8 apic sep mtrr pge mca cmov pat pse36 clflush mmx fxsr sse sse2 ht syscall nx mmxext fxsr_opt pdpe1gb rdtscp lm 3dnowext 3dnow constant_tsc rep_good nopl nonstop_tsc extd_apicid pni monitor cx16 popcnt lahf_lm cmp_legacy svm extapic cr8_legacy abm sse4a misalignsse 3dnowprefetch osvw ibs skinit wdt hw_pstate npt lbrv svm_lock nrip_save vmmcall
bogomips	: 7000.34
TLB size	: 1024 4K pages
clflush size	: 64
cache_alignment	: 64
address sizes	: 48 bits physical, 48 bits virtual
power management: ts ttp tm stc 100mhzsteps hwpstate



Memory: 4k page, physical 8176568k(125816k free), swap 0k(0k free)

vm_info: OpenJDK 64-Bit Server VM (24.95-b01) for linux-amd64 JRE (1.7.0_101-b00), built on Apr 24 2016 20:39:29 by "buildd" with gcc 4.8.2

time: Wed May 11 07:48:38 2016
elapsed time: 27 seconds

