#
# There is insufficient memory for the Java Runtime Environment to continue.
# Native memory allocation (malloc) failed to allocate 173015040 bytes for committing reserved memory.
# Possible reasons:
#   The system is out of physical RAM or swap space
#   In 32 bit mode, the process size limit was hit
# Possible solutions:
#   Reduce memory load on the system
#   Increase physical memory or swap space
#   Check if swap backing store is full
#   Use 64 bit Java on a 64 bit OS
#   Decrease Java heap size (-Xmx/-Xms)
#   Decrease number of Java threads
#   Decrease Java thread stack sizes (-Xss)
#   Set larger code cache with -XX:ReservedCodeCacheSize=
# This output file may be truncated or incomplete.
#
#  Out of Memory Error (os_linux.cpp:2827), pid=21150, tid=139716192917248
#
# JRE version: OpenJDK Runtime Environment (7.0_101) (build 1.7.0_101-b00)
# Java VM: OpenJDK 64-Bit Server VM (24.95-b01 mixed mode linux-amd64 compressed oops)
# Derivative: IcedTea 2.6.6
# Distribution: Ubuntu 14.04 LTS, package 7u101-2.6.6-0ubuntu0.14.04.1
# Failed to write core dump. Core dumps have been disabled. To enable core dumping, try "ulimit -c unlimited" before starting Java again
#

---------------  T H R E A D  ---------------

Current thread (0x00007f123c076000):  VMThread [stack: 0x00007f1235fc5000,0x00007f12360c6000] [id=21159]

Stack: [0x00007f1235fc5000,0x00007f12360c6000],  sp=0x00007f12360c4490,  free space=1021k
Native frames: (J=compiled Java code, j=interpreted, Vv=VM code, C=native code)
V  [libjvm.so+0x955705]
V  [libjvm.so+0x490c44]
V  [libjvm.so+0x7d0c9b]
V  [libjvm.so+0x7cb75f]
V  [libjvm.so+0x83ee5b]
V  [libjvm.so+0x83fcc0]
V  [libjvm.so+0x8403ab]
V  [libjvm.so+0x83c5e8]
V  [libjvm.so+0x83ce58]
V  [libjvm.so+0x7f34a3]
V  [libjvm.so+0x957104]
V  [libjvm.so+0x95b207]
V  [libjvm.so+0x959cc8]
V  [libjvm.so+0x95a129]
V  [libjvm.so+0x95a572]
V  [libjvm.so+0x7cdb62]

VM_Operation (0x00007f122fabd030): ParallelGCFailedAllocation, mode: safepoint, requested by thread 0x00007f123c1a0000


---------------  P R O C E S S  ---------------

Java Threads: ( => current thread )
  0x00007f123c1a0000 JavaThread "pool-1-thread-1" [_thread_blocked, id=21248, stack(0x00007f122f9be000,0x00007f122fabf000)]
  0x00007f123c0b1000 JavaThread "Service Thread" daemon [_thread_blocked, id=21165, stack(0x00007f12356f6000,0x00007f12357f7000)]
  0x00007f123c0ae800 JavaThread "C2 CompilerThread1" daemon [_thread_blocked, id=21164, stack(0x00007f12357f7000,0x00007f12358f8000)]
  0x00007f123c0ab800 JavaThread "C2 CompilerThread0" daemon [_thread_blocked, id=21163, stack(0x00007f12358f8000,0x00007f12359f9000)]
  0x00007f123c0a9800 JavaThread "Signal Dispatcher" daemon [_thread_blocked, id=21162, stack(0x00007f12359f9000,0x00007f1235afa000)]
  0x00007f123c07c000 JavaThread "Finalizer" daemon [_thread_blocked, id=21161, stack(0x00007f1235dc3000,0x00007f1235ec4000)]
  0x00007f123c07a000 JavaThread "Reference Handler" daemon [_thread_blocked, id=21160, stack(0x00007f1235ec4000,0x00007f1235fc5000)]
  0x00007f123c00a800 JavaThread "main" [_thread_blocked, id=21151, stack(0x00007f12446cf000,0x00007f12447d0000)]

Other Threads:
=>0x00007f123c076000 VMThread [stack: 0x00007f1235fc5000,0x00007f12360c6000] [id=21159]
  0x00007f123c0bb800 WatcherThread [stack: 0x00007f12355f5000,0x00007f12356f6000] [id=21166]

VM state:at safepoint (normal execution)

VM Mutex/Monitor currently owned by a thread:  ([mutex/lock_event])
[0x00007f123c006b40] Threads_lock - owner thread: 0x00007f123c076000
[0x00007f123c007040] Heap_lock - owner thread: 0x00007f123c1a0000

Heap
 PSYoungGen      total 136192K, used 5112K [0x00000000eaa80000, 0x00000000f3480000, 0x0000000100000000)
  eden space 131072K, 0% used [0x00000000eaa80000,0x00000000eaa80000,0x00000000f2a80000)
  from space 5120K, 99% used [0x00000000f2a80000,0x00000000f2f7e3a8,0x00000000f2f80000)
  to   space 5120K, 0% used [0x00000000f2f80000,0x00000000f2f80000,0x00000000f3480000)
 ParOldGen       total 84992K, used 43315K [0x00000000c0000000, 0x00000000c5300000, 0x00000000eaa80000)
  object space 84992K, 50% used [0x00000000c0000000,0x00000000c2a4cd80,0x00000000c5300000)
 PSPermGen       total 21504K, used 6507K [0x00000000b5a00000, 0x00000000b6f00000, 0x00000000c0000000)
  object space 21504K, 30% used [0x00000000b5a00000,0x00000000b605ada0,0x00000000b6f00000)

Card table byte_map: [0x00007f12410b7000,0x00007f124130b000] byte_map_base: 0x00007f1240b0a000

Polling page: 0x00007f12447f6000

Code Cache  [0x00007f1239000000, 0x00007f1239320000, 0x00007f123c000000)
 total_blobs=1006 nmethods=776 adapters=184 free_code_cache=46065Kb largest_free_block=47100992

Compilation events (10 events):
Event: 23.403 Thread 0x00007f123c0ab800 nmethod 789 0x00007f12392f35d0 code [0x00007f12392f3700, 0x00007f12392f3758]
Event: 23.403 Thread 0x00007f123c0ab800  790             java.util.HashMap$KeyIterator::next (8 bytes)
Event: 23.407 Thread 0x00007f123c0ab800 nmethod 790 0x00007f12392f3110 code [0x00007f12392f3260, 0x00007f12392f3458]
Event: 23.407 Thread 0x00007f123c0ab800  791             com.android.dx.dex.file.IndexedItem::<init> (10 bytes)
Event: 23.407 Thread 0x00007f123c0ab800 nmethod 791 0x00007f12392f2f10 code [0x00007f12392f3040, 0x00007f12392f3098]
Event: 23.407 Thread 0x00007f123c0ab800  792             com.android.dx.dex.code.CstInsn::getConstant (5 bytes)
Event: 23.407 Thread 0x00007f123c0ab800 nmethod 792 0x00007f12392f2d10 code [0x00007f12392f2e40, 0x00007f12392f2e98]
Event: 23.407 Thread 0x00007f123c0ab800  793             com.android.dx.rop.cst.CstNat::hashCode (19 bytes)
Event: 23.421 Thread 0x00007f123c0ab800 nmethod 793 0x00007f12392f7ed0 code [0x00007f12392f8020, 0x00007f12392f8318]
Event: 23.421 Thread 0x00007f123c0ab800  794             com.android.dx.rop.cst.CstMemberRef::hashCode (19 bytes)

GC Heap History (9 events):
Event: 2.234 GC heap before
{Heap before GC invocations=1 (full 0):
 PSYoungGen      total 37888K, used 32768K [0x00000000eaa80000, 0x00000000ed480000, 0x0000000100000000)
  eden space 32768K, 100% used [0x00000000eaa80000,0x00000000eca80000,0x00000000eca80000)
  from space 5120K, 0% used [0x00000000ecf80000,0x00000000ecf80000,0x00000000ed480000)
  to   space 5120K, 0% used [0x00000000eca80000,0x00000000eca80000,0x00000000ecf80000)
 ParOldGen       total 84992K, used 0K [0x00000000c0000000, 0x00000000c5300000, 0x00000000eaa80000)
  object space 84992K, 0% used [0x00000000c0000000,0x00000000c0000000,0x00000000c5300000)
 PSPermGen       total 21504K, used 6078K [0x00000000b5a00000, 0x00000000b6f00000, 0x00000000c0000000)
  object space 21504K, 28% used [0x00000000b5a00000,0x00000000b5fef818,0x00000000b6f00000)
Event: 2.266 GC heap after
Heap after GC invocations=1 (full 0):
 PSYoungGen      total 37888K, used 5104K [0x00000000eaa80000, 0x00000000ef480000, 0x0000000100000000)
  eden space 32768K, 0% used [0x00000000eaa80000,0x00000000eaa80000,0x00000000eca80000)
  from space 5120K, 99% used [0x00000000eca80000,0x00000000ecf7c2c0,0x00000000ecf80000)
  to   space 5120K, 0% used [0x00000000eef80000,0x00000000eef80000,0x00000000ef480000)
 ParOldGen       total 84992K, used 1840K [0x00000000c0000000, 0x00000000c5300000, 0x00000000eaa80000)
  object space 84992K, 2% used [0x00000000c0000000,0x00000000c01cc330,0x00000000c5300000)
 PSPermGen       total 21504K, used 6078K [0x00000000b5a00000, 0x00000000b6f00000, 0x00000000c0000000)
  object space 21504K, 28% used [0x00000000b5a00000,0x00000000b5fef818,0x00000000b6f00000)
}
Event: 3.806 GC heap before
{Heap before GC invocations=2 (full 0):
 PSYoungGen      total 37888K, used 37872K [0x00000000eaa80000, 0x00000000ef480000, 0x0000000100000000)
  eden space 32768K, 100% used [0x00000000eaa80000,0x00000000eca80000,0x00000000eca80000)
  from space 5120K, 99% used [0x00000000eca80000,0x00000000ecf7c2c0,0x00000000ecf80000)
  to   space 5120K, 0% used [0x00000000eef80000,0x00000000eef80000,0x00000000ef480000)
 ParOldGen       total 84992K, used 1840K [0x00000000c0000000, 0x00000000c5300000, 0x00000000eaa80000)
  object space 84992K, 2% used [0x00000000c0000000,0x00000000c01cc330,0x00000000c5300000)
 PSPermGen       total 21504K, used 6146K [0x00000000b5a00000, 0x00000000b6f00000, 0x00000000c0000000)
  object space 21504K, 28% used [0x00000000b5a00000,0x00000000b6000a18,0x00000000b6f00000)
Event: 3.861 GC heap after
Heap after GC invocations=2 (full 0):
 PSYoungGen      total 70656K, used 5106K [0x00000000eaa80000, 0x00000000ef480000, 0x0000000100000000)
  eden space 65536K, 0% used [0x00000000eaa80000,0x00000000eaa80000,0x00000000eea80000)
  from space 5120K, 99% used [0x00000000eef80000,0x00000000ef47ca40,0x00000000ef480000)
  to   space 5120K, 0% used [0x00000000eea80000,0x00000000eea80000,0x00000000eef80000)
 ParOldGen       total 84992K, used 6496K [0x00000000c0000000, 0x00000000c5300000, 0x00000000eaa80000)
  object space 84992K, 7% used [0x00000000c0000000,0x00000000c0658050,0x00000000c5300000)
 PSPermGen       total 21504K, used 6146K [0x00000000b5a00000, 0x00000000b6f00000, 0x00000000c0000000)
  object space 21504K, 28% used [0x00000000b5a00000,0x00000000b6000a18,0x00000000b6f00000)
}
Event: 6.557 GC heap before
{Heap before GC invocations=3 (full 0):
 PSYoungGen      total 70656K, used 70642K [0x00000000eaa80000, 0x00000000ef480000, 0x0000000100000000)
  eden space 65536K, 100% used [0x00000000eaa80000,0x00000000eea80000,0x00000000eea80000)
  from space 5120K, 99% used [0x00000000eef80000,0x00000000ef47ca40,0x00000000ef480000)
  to   space 5120K, 0% used [0x00000000eea80000,0x00000000eea80000,0x00000000eef80000)
 ParOldGen       total 84992K, used 6496K [0x00000000c0000000, 0x00000000c5300000, 0x00000000eaa80000)
  object space 84992K, 7% used [0x00000000c0000000,0x00000000c0658050,0x00000000c5300000)
 PSPermGen       total 21504K, used 6205K [0x00000000b5a00000, 0x00000000b6f00000, 0x00000000c0000000)
  object space 21504K, 28% used [0x00000000b5a00000,0x00000000b600f7c0,0x00000000b6f00000)
Event: 6.621 GC heap after
Heap after GC invocations=3 (full 0):
 PSYoungGen      total 70656K, used 5109K [0x00000000eaa80000, 0x00000000f3480000, 0x0000000100000000)
  eden space 65536K, 0% used [0x00000000eaa80000,0x00000000eaa80000,0x00000000eea80000)
  from space 5120K, 99% used [0x00000000eea80000,0x00000000eef7d650,0x00000000eef80000)
  to   space 5120K, 0% used [0x00000000f2f80000,0x00000000f2f80000,0x00000000f3480000)
 ParOldGen       total 84992K, used 17212K [0x00000000c0000000, 0x00000000c5300000, 0x00000000eaa80000)
  object space 84992K, 20% used [0x00000000c0000000,0x00000000c10cf268,0x00000000c5300000)
 PSPermGen       total 21504K, used 6205K [0x00000000b5a00000, 0x00000000b6f00000, 0x00000000c0000000)
  object space 21504K, 28% used [0x00000000b5a00000,0x00000000b600f7c0,0x00000000b6f00000)
}
Event: 9.536 GC heap before
{Heap before GC invocations=4 (full 0):
 PSYoungGen      total 70656K, used 70645K [0x00000000eaa80000, 0x00000000f3480000, 0x0000000100000000)
  eden space 65536K, 100% used [0x00000000eaa80000,0x00000000eea80000,0x00000000eea80000)
  from space 5120K, 99% used [0x00000000eea80000,0x00000000eef7d650,0x00000000eef80000)
  to   space 5120K, 0% used [0x00000000f2f80000,0x00000000f2f80000,0x00000000f3480000)
 ParOldGen       total 84992K, used 17212K [0x00000000c0000000, 0x00000000c5300000, 0x00000000eaa80000)
  object space 84992K, 20% used [0x00000000c0000000,0x00000000c10cf268,0x00000000c5300000)
 PSPermGen       total 21504K, used 6246K [0x00000000b5a00000, 0x00000000b6f00000, 0x00000000c0000000)
  object space 21504K, 29% used [0x00000000b5a00000,0x00000000b6019a68,0x00000000b6f00000)
Event: 9.615 GC heap after
Heap after GC invocations=4 (full 0):
 PSYoungGen      total 136192K, used 5110K [0x00000000eaa80000, 0x00000000f3480000, 0x0000000100000000)
  eden space 131072K, 0% used [0x00000000eaa80000,0x00000000eaa80000,0x00000000f2a80000)
  from space 5120K, 99% used [0x00000000f2f80000,0x00000000f347dbb8,0x00000000f3480000)
  to   space 5120K, 0% used [0x00000000f2a80000,0x00000000f2a80000,0x00000000f2f80000)
 ParOldGen       total 84992K, used 27203K [0x00000000c0000000, 0x00000000c5300000, 0x00000000eaa80000)
  object space 84992K, 32% used [0x00000000c0000000,0x00000000c1a90df8,0x00000000c5300000)
 PSPermGen       total 21504K, used 6246K [0x00000000b5a00000, 0x00000000b6f00000, 0x00000000c0000000)
  object space 21504K, 29% used [0x00000000b5a00000,0x00000000b6019a68,0x00000000b6f00000)
}
Event: 23.438 GC heap before
{Heap before GC invocations=5 (full 0):
 PSYoungGen      total 136192K, used 136182K [0x00000000eaa80000, 0x00000000f3480000, 0x0000000100000000)
  eden space 131072K, 100% used [0x00000000eaa80000,0x00000000f2a80000,0x00000000f2a80000)
  from space 5120K, 99% used [0x00000000f2f80000,0x00000000f347dbb8,0x00000000f3480000)
  to   space 5120K, 0% used [0x00000000f2a80000,0x00000000f2a80000,0x00000000f2f80000)
 ParOldGen       total 84992K, used 27203K [0x00000000c0000000, 0x00000000c5300000, 0x00000000eaa80000)
  object space 84992K, 32% used [0x00000000c0000000,0x00000000c1a90df8,0x00000000c5300000)
 PSPermGen       total 21504K, used 6507K [0x00000000b5a00000, 0x00000000b6f00000, 0x00000000c0000000)
  object space 21504K, 30% used [0x00000000b5a00000,0x00000000b605ada0,0x00000000b6f00000)

Deoptimization events (10 events):
Event: 4.688 Thread 0x00007f123c1a1000 Uncommon trap: reason=unstable_if action=reinterpret pc=0x00007f12390e2f34 method=com.android.dx.util.IntList.binarysearch(I)I @ 105
Event: 4.689 Thread 0x00007f123c1a1000 Uncommon trap: reason=unstable_if action=reinterpret pc=0x00007f12390955f4 method=com.android.dx.util.IntList.binarysearch(I)I @ 105
Event: 6.462 Thread 0x00007f123c1a1000 Uncommon trap: reason=unstable_if action=reinterpret pc=0x00007f12390e5748 method=com.android.dx.ssa.SCCP.simulateBranch(Lcom/android/dx/ssa/SsaInsn;)V @ 548
Event: 8.419 Thread 0x00007f123c18d800 Uncommon trap: reason=unstable_if action=reinterpret pc=0x00007f12390d2a48 method=java.util.HashMap.put(Ljava/lang/Object;Ljava/lang/Object;)Ljava/lang/Object; @ 86
Event: 11.077 Thread 0x00007f123c00a800 Uncommon trap: reason=null_check action=make_not_entrant pc=0x00007f123914da28 method=com.android.dx.cf.code.Ropper$CatchInfo.getSetup(Lcom/android/dx/rop/type/Type;)Lcom/android/dx/cf/code/Ropper$ExceptionHandlerSetup; @ 10
Event: 11.832 Thread 0x00007f123c19e000 Uncommon trap: reason=unstable_if action=reinterpret pc=0x00007f12390c126c method=com.android.dx.ssa.SCCP.simulateStmt(Lcom/android/dx/ssa/SsaInsn;)V @ 59
Event: 11.973 Thread 0x00007f123c00a800 Uncommon trap: reason=unstable_if action=reinterpret pc=0x00007f123916caac method=java.util.BitSet.ensureCapacity(I)V @ 6
Event: 21.757 Thread 0x00007f123c1a0000 Uncommon trap: reason=unstable_if action=reinterpret pc=0x00007f12390a053c method=java.util.TreeMap.put(Ljava/lang/Object;Ljava/lang/Object;)Ljava/lang/Object; @ 163
Event: 21.772 Thread 0x00007f123c1a0000 Uncommon trap: reason=unstable_if action=reinterpret pc=0x00007f1239183ec0 method=com.android.dx.rop.code.RegisterSpecSet.equals(Ljava/lang/Object;)Z @ 30
Event: 23.417 Thread 0x00007f123c1a0000 Uncommon trap: reason=predicate action=maybe_recompile pc=0x00007f12392eb8dc method=java.util.ComparableTimSort.binarySort([Ljava/lang/Object;III)V @ 37

Internal exceptions (10 events):
Event: 20.975 Thread 0x00007f123c1a0000 Threw 0x00000000f2580e78 at /build/openjdk-7-9duhBW/openjdk-7-7u101-2.6.6/build/openjdk/hotspot/src/share/vm/prims/jvm.cpp:1322
Event: 20.978 Thread 0x00007f123c1a0000 Threw 0x00000000f2586740 at /build/openjdk-7-9duhBW/openjdk-7-7u101-2.6.6/build/openjdk/hotspot/src/share/vm/prims/jvm.cpp:1322
Event: 20.980 Thread 0x00007f123c1a0000 Threw 0x00000000f258d418 at /build/openjdk-7-9duhBW/openjdk-7-7u101-2.6.6/build/openjdk/hotspot/src/share/vm/prims/jvm.cpp:1322
Event: 20.981 Thread 0x00007f123c1a0000 Threw 0x00000000f2590978 at /build/openjdk-7-9duhBW/openjdk-7-7u101-2.6.6/build/openjdk/hotspot/src/share/vm/prims/jvm.cpp:1322
Event: 20.981 Thread 0x00007f123c1a0000 Threw 0x00000000f2595e20 at /build/openjdk-7-9duhBW/openjdk-7-7u101-2.6.6/build/openjdk/hotspot/src/share/vm/prims/jvm.cpp:1322
Event: 20.982 Thread 0x00007f123c1a0000 Threw 0x00000000f259aa08 at /build/openjdk-7-9duhBW/openjdk-7-7u101-2.6.6/build/openjdk/hotspot/src/share/vm/prims/jvm.cpp:1322
Event: 21.001 Thread 0x00007f123c1a0000 Threw 0x00000000f25ac118 at /build/openjdk-7-9duhBW/openjdk-7-7u101-2.6.6/build/openjdk/hotspot/src/share/vm/prims/jvm.cpp:1322
Event: 21.014 Thread 0x00007f123c1a0000 Threw 0x00000000f25af740 at /build/openjdk-7-9duhBW/openjdk-7-7u101-2.6.6/build/openjdk/hotspot/src/share/vm/prims/jvm.cpp:1322
Event: 21.014 Thread 0x00007f123c1a0000 Threw 0x00000000f25b2fd8 at /build/openjdk-7-9duhBW/openjdk-7-7u101-2.6.6/build/openjdk/hotspot/src/share/vm/prims/jvm.cpp:1322
Event: 21.030 Thread 0x00007f123c1a0000 Threw 0x00000000f25c4190 at /build/openjdk-7-9duhBW/openjdk-7-7u101-2.6.6/build/openjdk/hotspot/src/share/vm/prims/jvm.cpp:1322

Events (10 events):
Event: 21.757 Thread 0x00007f123c1a0000 DEOPT UNPACKING pc=0x00007f1239039045 sp=0x00007f122fabd320 mode 2
Event: 21.772 Thread 0x00007f123c1a0000 Uncommon trap: trap_request=0xffffff75 fr.pc=0x00007f1239183ec0
Event: 21.772 Thread 0x00007f123c1a0000 DEOPT PACKING pc=0x00007f1239183ec0 sp=0x00007f122fabd050
Event: 21.772 Thread 0x00007f123c1a0000 DEOPT UNPACKING pc=0x00007f1239039045 sp=0x00007f122fabcff0 mode 2
Event: 21.835 Thread 0x00007f123c0ae800 flushing nmethod 0x00007f12390bff10
Event: 21.870 Thread 0x00007f123c0ae800 flushing nmethod 0x00007f123916aa50
Event: 23.417 Thread 0x00007f123c1a0000 Uncommon trap: trap_request=0xffffff86 fr.pc=0x00007f12392eb8dc
Event: 23.417 Thread 0x00007f123c1a0000 DEOPT PACKING pc=0x00007f12392eb8dc sp=0x00007f122fabd0f0
Event: 23.417 Thread 0x00007f123c1a0000 DEOPT UNPACKING pc=0x00007f1239039045 sp=0x00007f122fabd0d0 mode 2
Event: 23.438 Executing VM operation: ParallelGCFailedAllocation


Dynamic libraries:
00400000-00401000 r-xp 00000000 08:21 8658556                            /usr/lib/jvm/java-7-openjdk-amd64/jre/bin/java
00600000-00601000 r--p 00000000 08:21 8658556                            /usr/lib/jvm/java-7-openjdk-amd64/jre/bin/java
00601000-00602000 rw-p 00001000 08:21 8658556                            /usr/lib/jvm/java-7-openjdk-amd64/jre/bin/java
0245c000-0247d000 rw-p 00000000 00:00 0                                  [heap]
b5a00000-b6f00000 rw-p 00000000 00:00 0 
b6f00000-c0000000 rw-p 00000000 00:00 0 
c0000000-c5300000 rw-p 00000000 00:00 0 
c5300000-eaa80000 rw-p 00000000 00:00 0 
eaa80000-f3480000 rw-p 00000000 00:00 0 
fd980000-100000000 rw-p 00000000 00:00 0 
7f11e8000000-7f11e802e000 rw-p 00000000 00:00 0 
7f11e802e000-7f11ec000000 ---p 00000000 00:00 0 
7f11ec000000-7f11ec021000 rw-p 00000000 00:00 0 
7f11ec021000-7f11f0000000 ---p 00000000 00:00 0 
7f11f0000000-7f11f0021000 rw-p 00000000 00:00 0 
7f11f0021000-7f11f4000000 ---p 00000000 00:00 0 
7f11f4000000-7f11f4021000 rw-p 00000000 00:00 0 
7f11f4021000-7f11f8000000 ---p 00000000 00:00 0 
7f11f8000000-7f11f8021000 rw-p 00000000 00:00 0 
7f11f8021000-7f11fc000000 ---p 00000000 00:00 0 
7f11fc000000-7f11fc032000 rw-p 00000000 00:00 0 
7f11fc032000-7f1200000000 ---p 00000000 00:00 0 
7f1200000000-7f12013bf000 rw-p 00000000 00:00 0 
7f12013bf000-7f1204000000 ---p 00000000 00:00 0 
7f1204000000-7f1204021000 rw-p 00000000 00:00 0 
7f1204021000-7f1208000000 ---p 00000000 00:00 0 
7f1208000000-7f1208021000 rw-p 00000000 00:00 0 
7f1208021000-7f120c000000 ---p 00000000 00:00 0 
7f120c000000-7f120d83a000 rw-p 00000000 00:00 0 
7f120d83a000-7f1210000000 ---p 00000000 00:00 0 
7f1210000000-7f1210021000 rw-p 00000000 00:00 0 
7f1210021000-7f1214000000 ---p 00000000 00:00 0 
7f1214000000-7f1214021000 rw-p 00000000 00:00 0 
7f1214021000-7f1218000000 ---p 00000000 00:00 0 
7f1218000000-7f1218021000 rw-p 00000000 00:00 0 
7f1218021000-7f121c000000 ---p 00000000 00:00 0 
7f121c000000-7f121c021000 rw-p 00000000 00:00 0 
7f121c021000-7f1220000000 ---p 00000000 00:00 0 
7f1220000000-7f1220021000 rw-p 00000000 00:00 0 
7f1220021000-7f1224000000 ---p 00000000 00:00 0 
7f1228000000-7f1228021000 rw-p 00000000 00:00 0 
7f1228021000-7f122c000000 ---p 00000000 00:00 0 
7f122f8bd000-7f122f8c0000 ---p 00000000 00:00 0 
7f122f8c0000-7f122f9be000 rw-p 00000000 00:00 0 
7f122f9be000-7f122f9c1000 ---p 00000000 00:00 0 
7f122f9c1000-7f122fabf000 rw-p 00000000 00:00 0                          [stack:21248]
7f122fabf000-7f122fac2000 ---p 00000000 00:00 0 
7f122fac2000-7f122fbc0000 rw-p 00000000 00:00 0 
7f122fbc0000-7f122fbc3000 ---p 00000000 00:00 0 
7f122fbc3000-7f122fcc1000 rw-p 00000000 00:00 0 
7f122fcc1000-7f122fcc4000 ---p 00000000 00:00 0 
7f122fcc4000-7f122fdc2000 rw-p 00000000 00:00 0 
7f122fdc2000-7f122fdff000 r-xp 00000000 08:21 2097339                    /lib/x86_64-linux-gnu/libpcre.so.3.13.1
7f122fdff000-7f122fffe000 ---p 0003d000 08:21 2097339                    /lib/x86_64-linux-gnu/libpcre.so.3.13.1
7f122fffe000-7f122ffff000 r--p 0003c000 08:21 2097339                    /lib/x86_64-linux-gnu/libpcre.so.3.13.1
7f122ffff000-7f1230000000 rw-p 0003d000 08:21 2097339                    /lib/x86_64-linux-gnu/libpcre.so.3.13.1
7f1230000000-7f1230021000 rw-p 00000000 00:00 0 
7f1230021000-7f1234000000 ---p 00000000 00:00 0 
7f1234062000-7f1234093000 rw-p 00000000 00:00 0 
7f1234093000-7f123409a000 r-xp 00000000 08:21 8651438                    /usr/lib/x86_64-linux-gnu/libffi.so.6.0.1
7f123409a000-7f1234299000 ---p 00007000 08:21 8651438                    /usr/lib/x86_64-linux-gnu/libffi.so.6.0.1
7f1234299000-7f123429a000 r--p 00006000 08:21 8651438                    /usr/lib/x86_64-linux-gnu/libffi.so.6.0.1
7f123429a000-7f123429b000 rw-p 00007000 08:21 8651438                    /usr/lib/x86_64-linux-gnu/libffi.so.6.0.1
7f123429b000-7f12342b2000 r-xp 00000000 08:21 2097382                    /lib/x86_64-linux-gnu/libresolv-2.19.so
7f12342b2000-7f12344b2000 ---p 00017000 08:21 2097382                    /lib/x86_64-linux-gnu/libresolv-2.19.so
7f12344b2000-7f12344b3000 r--p 00017000 08:21 2097382                    /lib/x86_64-linux-gnu/libresolv-2.19.so
7f12344b3000-7f12344b4000 rw-p 00018000 08:21 2097382                    /lib/x86_64-linux-gnu/libresolv-2.19.so
7f12344b4000-7f12344b6000 rw-p 00000000 00:00 0 
7f12344b6000-7f12344d6000 r-xp 00000000 08:21 2101272                    /lib/x86_64-linux-gnu/libselinux.so.1
7f12344d6000-7f12346d5000 ---p 00020000 08:21 2101272                    /lib/x86_64-linux-gnu/libselinux.so.1
7f12346d5000-7f12346d6000 r--p 0001f000 08:21 2101272                    /lib/x86_64-linux-gnu/libselinux.so.1
7f12346d6000-7f12346d7000 rw-p 00020000 08:21 2101272                    /lib/x86_64-linux-gnu/libselinux.so.1
7f12346d7000-7f12346d9000 rw-p 00000000 00:00 0 
7f12346d9000-7f12346dc000 r-xp 00000000 08:21 8651136                    /usr/lib/x86_64-linux-gnu/libgmodule-2.0.so.0.4002.0
7f12346dc000-7f12348db000 ---p 00003000 08:21 8651136                    /usr/lib/x86_64-linux-gnu/libgmodule-2.0.so.0.4002.0
7f12348db000-7f12348dc000 r--p 00002000 08:21 8651136                    /usr/lib/x86_64-linux-gnu/libgmodule-2.0.so.0.4002.0
7f12348dc000-7f12348dd000 rw-p 00003000 08:21 8651136                    /usr/lib/x86_64-linux-gnu/libgmodule-2.0.so.0.4002.0
7f12348dd000-7f12349e3000 r-xp 00000000 08:21 2103853                    /lib/x86_64-linux-gnu/libglib-2.0.so.0.4002.0
7f12349e3000-7f1234be2000 ---p 00106000 08:21 2103853                    /lib/x86_64-linux-gnu/libglib-2.0.so.0.4002.0
7f1234be2000-7f1234be3000 r--p 00105000 08:21 2103853                    /lib/x86_64-linux-gnu/libglib-2.0.so.0.4002.0
7f1234be3000-7f1234be4000 rw-p 00106000 08:21 2103853                    /lib/x86_64-linux-gnu/libglib-2.0.so.0.4002.0
7f1234be4000-7f1234be5000 rw-p 00000000 00:00 0 
7f1234be5000-7f1234c34000 r-xp 00000000 08:21 8651155                    /usr/lib/x86_64-linux-gnu/libgobject-2.0.so.0.4002.0
7f1234c34000-7f1234e34000 ---p 0004f000 08:21 8651155                    /usr/lib/x86_64-linux-gnu/libgobject-2.0.so.0.4002.0
7f1234e34000-7f1234e35000 r--p 0004f000 08:21 8651155                    /usr/lib/x86_64-linux-gnu/libgobject-2.0.so.0.4002.0
7f1234e35000-7f1234e36000 rw-p 00050000 08:21 8651155                    /usr/lib/x86_64-linux-gnu/libgobject-2.0.so.0.4002.0
7f1234e36000-7f1234fa2000 r-xp 00000000 08:21 8651158                    /usr/lib/x86_64-linux-gnu/libgio-2.0.so.0.4002.0
7f1234fa2000-7f12351a1000 ---p 0016c000 08:21 8651158                    /usr/lib/x86_64-linux-gnu/libgio-2.0.so.0.4002.0
7f12351a1000-7f12351a5000 r--p 0016b000 08:21 8651158                    /usr/lib/x86_64-linux-gnu/libgio-2.0.so.0.4002.0
7f12351a5000-7f12351a7000 rw-p 0016f000 08:21 8651158                    /usr/lib/x86_64-linux-gnu/libgio-2.0.so.0.4002.0
7f12351a7000-7f12351a9000 rw-p 00000000 00:00 0 
7f12351cb000-7f12351e2000 r-xp 00000000 08:21 8661613                    /usr/lib/jvm/java-7-openjdk-amd64/jre/lib/amd64/libnet.so
7f12351e2000-7f12353e1000 ---p 00017000 08:21 8661613                    /usr/lib/jvm/java-7-openjdk-amd64/jre/lib/amd64/libnet.so
7f12353e1000-7f12353e2000 r--p 00016000 08:21 8661613                    /usr/lib/jvm/java-7-openjdk-amd64/jre/lib/amd64/libnet.so
7f12353e2000-7f12353e3000 rw-p 00017000 08:21 8661613                    /usr/lib/jvm/java-7-openjdk-amd64/jre/lib/amd64/libnet.so
7f12353e3000-7f12353f3000 r-xp 00000000 08:21 8661634                    /usr/lib/jvm/java-7-openjdk-amd64/jre/lib/amd64/libnio.so
7f12353f3000-7f12355f3000 ---p 00010000 08:21 8661634                    /usr/lib/jvm/java-7-openjdk-amd64/jre/lib/amd64/libnio.so
7f12355f3000-7f12355f4000 r--p 00010000 08:21 8661634                    /usr/lib/jvm/java-7-openjdk-amd64/jre/lib/amd64/libnio.so
7f12355f4000-7f12355f5000 rw-p 00011000 08:21 8661634                    /usr/lib/jvm/java-7-openjdk-amd64/jre/lib/amd64/libnio.so
7f12355f5000-7f12355f6000 ---p 00000000 00:00 0 
7f12355f6000-7f12356f6000 rw-p 00000000 00:00 0                          [stack:21166]
7f12356f6000-7f12356f9000 ---p 00000000 00:00 0 
7f12356f9000-7f12357f7000 rw-p 00000000 00:00 0                          [stack:21165]
7f12357f7000-7f12357fa000 ---p 00000000 00:00 0 
7f12357fa000-7f12358f8000 rw-p 00000000 00:00 0                          [stack:21164]
7f12358f8000-7f12358fb000 ---p 00000000 00:00 0 
7f12358fb000-7f12359f9000 rw-p 00000000 00:00 0                          [stack:21163]
7f12359f9000-7f12359fc000 ---p 00000000 00:00 0 
7f12359fc000-7f1235afa000 rw-p 00000000 00:00 0                          [stack:21162]
7f1235afa000-7f1235dc3000 r--p 00000000 08:21 8658687                    /usr/lib/locale/locale-archive
7f1235dc3000-7f1235dc6000 ---p 00000000 00:00 0 
7f1235dc6000-7f1235ec4000 rw-p 00000000 00:00 0                          [stack:21161]
7f1235ec4000-7f1235ec7000 ---p 00000000 00:00 0 
7f1235ec7000-7f1235fc5000 rw-p 00000000 00:00 0                          [stack:21160]
7f1235fc5000-7f1235fc6000 ---p 00000000 00:00 0 
7f1235fc6000-7f1239000000 rw-p 00000000 00:00 0                          [stack:21159]
7f1239000000-7f1239320000 rwxp 00000000 00:00 0 
7f1239320000-7f123c1d6000 rw-p 00000000 00:00 0 
7f123c1d6000-7f1240000000 ---p 00000000 00:00 0 
7f124000a000-7f1240019000 r--s 000df000 08:21 262433                     /home/deamon/Android/Sdk/build-tools/23.0.1/lib/dx.jar
7f1240019000-7f124060c000 rw-p 00000000 00:00 0 
7f124060c000-7f12407be000 r--s 01d32000 08:21 8661647                    /usr/lib/jvm/java-7-openjdk-amd64/jre/lib/rt.jar
7f12407be000-7f1240b0a000 rw-p 00000000 00:00 0 
7f1240b0a000-7f1240b0b000 ---p 00000000 00:00 0 
7f1240b0b000-7f1240c0b000 rw-p 00000000 00:00 0                          [stack:21158]
7f1240c0b000-7f1240c0c000 ---p 00000000 00:00 0 
7f1240c0c000-7f1240d0c000 rw-p 00000000 00:00 0                          [stack:21157]
7f1240d0c000-7f1240d0d000 ---p 00000000 00:00 0 
7f1240d0d000-7f1240e0d000 rw-p 00000000 00:00 0                          [stack:21156]
7f1240e0d000-7f1240e0e000 ---p 00000000 00:00 0 
7f1240e0e000-7f1240f19000 rw-p 00000000 00:00 0                          [stack:21155]
7f1240f19000-7f1240f61000 rw-p 00000000 00:00 0 
7f1240f61000-7f1240f8b000 rw-p 00000000 00:00 0 
7f1240f8b000-7f12410b7000 rw-p 00000000 00:00 0 
7f12410b7000-7f12410c2000 rw-p 00000000 00:00 0 
7f12410c2000-7f124110a000 rw-p 00000000 00:00 0 
7f124110a000-7f1241134000 rw-p 00000000 00:00 0 
7f1241134000-7f124125f000 rw-p 00000000 00:00 0 
7f124125f000-7f12412a5000 rw-p 00000000 00:00 0 
7f12412a5000-7f124130a000 rw-p 00000000 00:00 0 
7f124130a000-7f124130b000 rw-p 00000000 00:00 0 
7f124130b000-7f1241313000 r-xp 00000000 08:21 8661618                    /usr/lib/jvm/java-7-openjdk-amd64/jre/lib/amd64/libzip.so
7f1241313000-7f1241512000 ---p 00008000 08:21 8661618                    /usr/lib/jvm/java-7-openjdk-amd64/jre/lib/amd64/libzip.so
7f1241512000-7f1241513000 r--p 00007000 08:21 8661618                    /usr/lib/jvm/java-7-openjdk-amd64/jre/lib/amd64/libzip.so
7f1241513000-7f1241514000 rw-p 00008000 08:21 8661618                    /usr/lib/jvm/java-7-openjdk-amd64/jre/lib/amd64/libzip.so
7f1241514000-7f124151f000 r-xp 00000000 08:21 2098455                    /lib/x86_64-linux-gnu/libnss_files-2.19.so
7f124151f000-7f124171e000 ---p 0000b000 08:21 2098455                    /lib/x86_64-linux-gnu/libnss_files-2.19.so
7f124171e000-7f124171f000 r--p 0000a000 08:21 2098455                    /lib/x86_64-linux-gnu/libnss_files-2.19.so
7f124171f000-7f1241720000 rw-p 0000b000 08:21 2098455                    /lib/x86_64-linux-gnu/libnss_files-2.19.so
7f1241720000-7f124172b000 r-xp 00000000 08:21 2098447                    /lib/x86_64-linux-gnu/libnss_nis-2.19.so
7f124172b000-7f124192a000 ---p 0000b000 08:21 2098447                    /lib/x86_64-linux-gnu/libnss_nis-2.19.so
7f124192a000-7f124192b000 r--p 0000a000 08:21 2098447                    /lib/x86_64-linux-gnu/libnss_nis-2.19.so
7f124192b000-7f124192c000 rw-p 0000b000 08:21 2098447                    /lib/x86_64-linux-gnu/libnss_nis-2.19.so
7f124192c000-7f1241943000 r-xp 00000000 08:21 2098443                    /lib/x86_64-linux-gnu/libnsl-2.19.so
7f1241943000-7f1241b42000 ---p 00017000 08:21 2098443                    /lib/x86_64-linux-gnu/libnsl-2.19.so
7f1241b42000-7f1241b43000 r--p 00016000 08:21 2098443                    /lib/x86_64-linux-gnu/libnsl-2.19.so
7f1241b43000-7f1241b44000 rw-p 00017000 08:21 2098443                    /lib/x86_64-linux-gnu/libnsl-2.19.so
7f1241b44000-7f1241b46000 rw-p 00000000 00:00 0 
7f1241b46000-7f1241b4f000 r-xp 00000000 08:21 2097435                    /lib/x86_64-linux-gnu/libnss_compat-2.19.so
7f1241b4f000-7f1241d4e000 ---p 00009000 08:21 2097435                    /lib/x86_64-linux-gnu/libnss_compat-2.19.so
7f1241d4e000-7f1241d4f000 r--p 00008000 08:21 2097435                    /lib/x86_64-linux-gnu/libnss_compat-2.19.so
7f1241d4f000-7f1241d50000 rw-p 00009000 08:21 2097435                    /lib/x86_64-linux-gnu/libnss_compat-2.19.so
7f1241d50000-7f1241d7b000 r-xp 00000000 08:21 8661598                    /usr/lib/jvm/java-7-openjdk-amd64/jre/lib/amd64/libjava.so
7f1241d7b000-7f1241f7b000 ---p 0002b000 08:21 8661598                    /usr/lib/jvm/java-7-openjdk-amd64/jre/lib/amd64/libjava.so
7f1241f7b000-7f1241f7c000 r--p 0002b000 08:21 8661598                    /usr/lib/jvm/java-7-openjdk-amd64/jre/lib/amd64/libjava.so
7f1241f7c000-7f1241f7e000 rw-p 0002c000 08:21 8661598                    /usr/lib/jvm/java-7-openjdk-amd64/jre/lib/amd64/libjava.so
7f1241f7e000-7f1241f8e000 r-xp 00000000 08:21 8661600                    /usr/lib/jvm/java-7-openjdk-amd64/jre/lib/amd64/libverify.so
7f1241f8e000-7f124218d000 ---p 00010000 08:21 8661600                    /usr/lib/jvm/java-7-openjdk-amd64/jre/lib/amd64/libverify.so
7f124218d000-7f124218f000 r--p 0000f000 08:21 8661600                    /usr/lib/jvm/java-7-openjdk-amd64/jre/lib/amd64/libverify.so
7f124218f000-7f1242190000 rw-p 00011000 08:21 8661600                    /usr/lib/jvm/java-7-openjdk-amd64/jre/lib/amd64/libverify.so
7f1242190000-7f1242197000 r-xp 00000000 08:21 2098451                    /lib/x86_64-linux-gnu/librt-2.19.so
7f1242197000-7f1242396000 ---p 00007000 08:21 2098451                    /lib/x86_64-linux-gnu/librt-2.19.so
7f1242396000-7f1242397000 r--p 00006000 08:21 2098451                    /lib/x86_64-linux-gnu/librt-2.19.so
7f1242397000-7f1242398000 rw-p 00007000 08:21 2098451                    /lib/x86_64-linux-gnu/librt-2.19.so
7f1242398000-7f12423ae000 r-xp 00000000 08:21 2097417                    /lib/x86_64-linux-gnu/libgcc_s.so.1
7f12423ae000-7f12425ad000 ---p 00016000 08:21 2097417                    /lib/x86_64-linux-gnu/libgcc_s.so.1
7f12425ad000-7f12425ae000 rw-p 00015000 08:21 2097417                    /lib/x86_64-linux-gnu/libgcc_s.so.1
7f12425ae000-7f12426b3000 r-xp 00000000 08:21 2097430                    /lib/x86_64-linux-gnu/libm-2.19.so
7f12426b3000-7f12428b2000 ---p 00105000 08:21 2097430                    /lib/x86_64-linux-gnu/libm-2.19.so
7f12428b2000-7f12428b3000 r--p 00104000 08:21 2097430                    /lib/x86_64-linux-gnu/libm-2.19.so
7f12428b3000-7f12428b4000 rw-p 00105000 08:21 2097430                    /lib/x86_64-linux-gnu/libm-2.19.so
7f12428b4000-7f124299a000 r-xp 00000000 08:21 8656120                    /usr/lib/x86_64-linux-gnu/libstdc++.so.6.0.19
7f124299a000-7f1242b99000 ---p 000e6000 08:21 8656120                    /usr/lib/x86_64-linux-gnu/libstdc++.so.6.0.19
7f1242b99000-7f1242ba1000 r--p 000e5000 08:21 8656120                    /usr/lib/x86_64-linux-gnu/libstdc++.so.6.0.19
7f1242ba1000-7f1242ba3000 rw-p 000ed000 08:21 8656120                    /usr/lib/x86_64-linux-gnu/libstdc++.so.6.0.19
7f1242ba3000-7f1242bb8000 rw-p 00000000 00:00 0 
7f1242bb8000-7f12436dd000 r-xp 00000000 08:21 8661616                    /usr/lib/jvm/java-7-openjdk-amd64/jre/lib/amd64/server/libjvm.so
7f12436dd000-7f12438dd000 ---p 00b25000 08:21 8661616                    /usr/lib/jvm/java-7-openjdk-amd64/jre/lib/amd64/server/libjvm.so
7f12438dd000-7f1243977000 r--p 00b25000 08:21 8661616                    /usr/lib/jvm/java-7-openjdk-amd64/jre/lib/amd64/server/libjvm.so
7f1243977000-7f124399a000 rw-p 00bbf000 08:21 8661616                    /usr/lib/jvm/java-7-openjdk-amd64/jre/lib/amd64/server/libjvm.so
7f124399a000-7f12439c9000 rw-p 00000000 00:00 0 
7f12439c9000-7f12439e1000 r-xp 00000000 08:21 2101303                    /lib/x86_64-linux-gnu/libz.so.1.2.8
7f12439e1000-7f1243be0000 ---p 00018000 08:21 2101303                    /lib/x86_64-linux-gnu/libz.so.1.2.8
7f1243be0000-7f1243be1000 r--p 00017000 08:21 2101303                    /lib/x86_64-linux-gnu/libz.so.1.2.8
7f1243be1000-7f1243be2000 rw-p 00018000 08:21 2101303                    /lib/x86_64-linux-gnu/libz.so.1.2.8
7f1243be2000-7f1243bfb000 r-xp 00000000 08:21 2098444                    /lib/x86_64-linux-gnu/libpthread-2.19.so
7f1243bfb000-7f1243dfa000 ---p 00019000 08:21 2098444                    /lib/x86_64-linux-gnu/libpthread-2.19.so
7f1243dfa000-7f1243dfb000 r--p 00018000 08:21 2098444                    /lib/x86_64-linux-gnu/libpthread-2.19.so
7f1243dfb000-7f1243dfc000 rw-p 00019000 08:21 2098444                    /lib/x86_64-linux-gnu/libpthread-2.19.so
7f1243dfc000-7f1243e00000 rw-p 00000000 00:00 0 
7f1243e00000-7f1243e03000 r-xp 00000000 08:21 2097432                    /lib/x86_64-linux-gnu/libdl-2.19.so
7f1243e03000-7f1244002000 ---p 00003000 08:21 2097432                    /lib/x86_64-linux-gnu/libdl-2.19.so
7f1244002000-7f1244003000 r--p 00002000 08:21 2097432                    /lib/x86_64-linux-gnu/libdl-2.19.so
7f1244003000-7f1244004000 rw-p 00003000 08:21 2097432                    /lib/x86_64-linux-gnu/libdl-2.19.so
7f1244004000-7f12441bf000 r-xp 00000000 08:21 2098452                    /lib/x86_64-linux-gnu/libc-2.19.so
7f12441bf000-7f12443be000 ---p 001bb000 08:21 2098452                    /lib/x86_64-linux-gnu/libc-2.19.so
7f12443be000-7f12443c2000 r--p 001ba000 08:21 2098452                    /lib/x86_64-linux-gnu/libc-2.19.so
7f12443c2000-7f12443c4000 rw-p 001be000 08:21 2098452                    /lib/x86_64-linux-gnu/libc-2.19.so
7f12443c4000-7f12443c9000 rw-p 00000000 00:00 0 
7f12443c9000-7f12443d6000 r-xp 00000000 08:21 8661631                    /usr/lib/jvm/java-7-openjdk-amd64/jre/lib/amd64/jli/libjli.so
7f12443d6000-7f12445d5000 ---p 0000d000 08:21 8661631                    /usr/lib/jvm/java-7-openjdk-amd64/jre/lib/amd64/jli/libjli.so
7f12445d5000-7f12445d6000 r--p 0000c000 08:21 8661631                    /usr/lib/jvm/java-7-openjdk-amd64/jre/lib/amd64/jli/libjli.so
7f12445d6000-7f12445d7000 rw-p 0000d000 08:21 8661631                    /usr/lib/jvm/java-7-openjdk-amd64/jre/lib/amd64/jli/libjli.so
7f12445d7000-7f12445fa000 r-xp 00000000 08:21 2098445                    /lib/x86_64-linux-gnu/ld-2.19.so
7f12445fa000-7f12445fb000 rw-p 00000000 00:00 0 
7f12445fb000-7f12445fc000 r--s 00002000 08:21 8661734                    /usr/lib/jvm/java-7-openjdk-amd64/jre/lib/ext/dnsns.jar
7f12445fc000-7f12445ff000 r--s 0000f000 08:21 8661737                    /usr/lib/jvm/java-7-openjdk-amd64/jre/lib/ext/icedtea-sound.jar
7f12445ff000-7f1244601000 r--s 00012000 08:21 8661735                    /usr/lib/jvm/java-7-openjdk-amd64/jre/lib/ext/zipfs.jar
7f1244601000-7f1244603000 r--s 00006000 08:21 8917114                    /usr/share/java/java-atk-wrapper.jar
7f1244603000-7f1244607000 r--s 0003c000 08:21 8661739                    /usr/lib/jvm/java-7-openjdk-amd64/jre/lib/ext/sunpkcs11.jar
7f1244607000-7f124460b000 r--s 00034000 08:21 8661736                    /usr/lib/jvm/java-7-openjdk-amd64/jre/lib/ext/sunjce_provider.jar
7f124460b000-7f124460f000 r--s 00085000 08:21 8661738                    /usr/lib/jvm/java-7-openjdk-amd64/jre/lib/ext/localedata.jar
7f124460f000-7f124461c000 rw-p 00000000 00:00 0 
7f124461c000-7f12446cf000 rw-p 00000000 00:00 0 
7f12446cf000-7f12446d2000 ---p 00000000 00:00 0 
7f12446d2000-7f12447ed000 rw-p 00000000 00:00 0                          [stack:21151]
7f12447ed000-7f12447f5000 rw-s 00000000 08:21 11145249                   /tmp/hsperfdata_deamon/21150
7f12447f5000-7f12447f6000 rw-p 00000000 00:00 0 
7f12447f6000-7f12447f7000 ---p 00000000 00:00 0 
7f12447f7000-7f12447f9000 rw-p 00000000 00:00 0 
7f12447f9000-7f12447fa000 r--p 00022000 08:21 2098445                    /lib/x86_64-linux-gnu/ld-2.19.so
7f12447fa000-7f12447fb000 rw-p 00023000 08:21 2098445                    /lib/x86_64-linux-gnu/ld-2.19.so
7f12447fb000-7f12447fc000 rw-p 00000000 00:00 0 
7ffefea52000-7ffefea73000 rw-p 00000000 00:00 0                          [stack]
7ffefea84000-7ffefea86000 r-xp 00000000 00:00 0                          [vdso]
ffffffffff600000-ffffffffff601000 r-xp 00000000 00:00 0                  [vsyscall]

VM Arguments:
jvm_args: -Djava.awt.headless=true -Xmx1024M -Dfile.encoding=UTF-8 -Duser.country=US -Duser.language=en -Duser.variant 
java_command: com.android.dx.command.Main --dex --force-jumbo --num-threads=4 --multi-dex --output /mnt/Storage/School/CSE 190/UCSanDroid/profitableandroid/app/build/intermediates/transforms/dex/debug/folders/1000/10/com.android.support-appcompat-v7-23.1.1_8b0adf0211306bfd0b277aa0df61fd392a8106f6 /mnt/Storage/School/CSE 190/UCSanDroid/profitableandroid/app/build/intermediates/exploded-aar/com.android.support/appcompat-v7/23.1.1/jars/classes.jar
Launcher Type: SUN_STANDARD

Environment Variables:
JAVA_HOME=/usr/lib/jvm/java-8-oracle
PATH=/usr/local/sbin:/usr/local/bin:/usr/sbin:/usr/bin:/sbin:/bin:/usr/games:/usr/local/games:/usr/lib/jvm/java-8-oracle/bin:/usr/lib/jvm/java-8-oracle/db/bin:/usr/lib/jvm/java-8-oracle/jre/bin
LD_LIBRARY_PATH=/home/deamon/Downloads/android-studio/bin:/usr/lib32
SHELL=/bin/bash
DISPLAY=:0

Signal Handlers:
SIGSEGV: [libjvm.so+0x9561e0], sa_mask[0]=0x7ffbfeff, sa_flags=0x10000004
SIGBUS: [libjvm.so+0x9561e0], sa_mask[0]=0x7ffbfeff, sa_flags=0x10000004
SIGFPE: [libjvm.so+0x7cc4d0], sa_mask[0]=0x7ffbfeff, sa_flags=0x10000004
SIGPIPE: [libjvm.so+0x7cc4d0], sa_mask[0]=0x7ffbfeff, sa_flags=0x10000004
SIGXFSZ: [libjvm.so+0x7cc4d0], sa_mask[0]=0x7ffbfeff, sa_flags=0x10000004
SIGILL: [libjvm.so+0x7cc4d0], sa_mask[0]=0x7ffbfeff, sa_flags=0x10000004
SIGUSR1: SIG_DFL, sa_mask[0]=0x00000000, sa_flags=0x00000000
SIGUSR2: [libjvm.so+0x7cc370], sa_mask[0]=0x00000004, sa_flags=0x10000004
SIGHUP: [libjvm.so+0x7cc550], sa_mask[0]=0x7ffbfeff, sa_flags=0x10000004
SIGINT: [libjvm.so+0x7cc550], sa_mask[0]=0x7ffbfeff, sa_flags=0x10000004
SIGTERM: [libjvm.so+0x7cc550], sa_mask[0]=0x7ffbfeff, sa_flags=0x10000004
SIGQUIT: [libjvm.so+0x7cc550], sa_mask[0]=0x7ffbfeff, sa_flags=0x10000004
SIGTRAP: SIG_DFL, sa_mask[0]=0x00000000, sa_flags=0x00000000


---------------  S Y S T E M  ---------------

OS:Ubuntu 14.04 (trusty)
uname:Linux 3.13.0-85-generic #129-Ubuntu SMP Thu Mar 17 20:50:15 UTC 2016 x86_64
libc:glibc 2.19 NPTL 2.19 
rlimit: STACK 8192k, CORE 0k, NPROC 63147, NOFILE 4096, AS infinity
load average:9.71 3.63 1.86

/proc/meminfo:
MemTotal:        8176568 kB
MemFree:          162808 kB
Buffers:            9760 kB
Cached:           472220 kB
SwapCached:            0 kB
Active:          5807836 kB
Inactive:         436756 kB
Active(anon):    5764464 kB
Inactive(anon):   393480 kB
Active(file):      43372 kB
Inactive(file):    43276 kB
Unevictable:          64 kB
Mlocked:              64 kB
SwapTotal:             0 kB
SwapFree:              0 kB
Dirty:               280 kB
Writeback:             0 kB
AnonPages:       5762824 kB
Mapped:          1517012 kB
Shmem:            395136 kB
Slab:             107676 kB
SReclaimable:      47512 kB
SUnreclaim:        60164 kB
KernelStack:        7488 kB
PageTables:        64944 kB
NFS_Unstable:          0 kB
Bounce:                0 kB
WritebackTmp:          0 kB
CommitLimit:     4088284 kB
Committed_AS:   11932268 kB
VmallocTotal:   34359738367 kB
VmallocUsed:      311532 kB
VmallocChunk:   34359423112 kB
HardwareCorrupted:     0 kB
AnonHugePages:   1212416 kB
HugePages_Total:       0
HugePages_Free:        0
HugePages_Rsvd:        0
HugePages_Surp:        0
Hugepagesize:       2048 kB
DirectMap4k:     5430848 kB
DirectMap2M:     2957312 kB
DirectMap1G:           0 kB


CPU:total 4 (4 cores per cpu, 1 threads per core) family 16 model 4 stepping 3, cmov, cx8, fxsr, mmx, sse, sse2, sse3, popcnt, mmxext, 3dnowpref, lzcnt, sse4a, tsc, tscinvbit, tscinv

/proc/cpuinfo:
processor	: 0
vendor_id	: AuthenticAMD
cpu family	: 16
model		: 4
model name	: AMD Phenom(tm) II X4 970 Processor
stepping	: 3
microcode	: 0x10000c8
cpu MHz		: 3500.000
cache size	: 512 KB
physical id	: 0
siblings	: 4
core id		: 0
cpu cores	: 4
apicid		: 0
initial apicid	: 0
fpu		: yes
fpu_exception	: yes
cpuid level	: 5
wp		: yes
flags		: fpu vme de pse tsc msr pae mce cx8 apic sep mtrr pge mca cmov pat pse36 clflush mmx fxsr sse sse2 ht syscall nx mmxext fxsr_opt pdpe1gb rdtscp lm 3dnowext 3dnow constant_tsc rep_good nopl nonstop_tsc extd_apicid pni monitor cx16 popcnt lahf_lm cmp_legacy svm extapic cr8_legacy abm sse4a misalignsse 3dnowprefetch osvw ibs skinit wdt hw_pstate npt lbrv svm_lock nrip_save vmmcall
bogomips	: 7001.09
TLB size	: 1024 4K pages
clflush size	: 64
cache_alignment	: 64
address sizes	: 48 bits physical, 48 bits virtual
power management: ts ttp tm stc 100mhzsteps hwpstate

processor	: 1
vendor_id	: AuthenticAMD
cpu family	: 16
model		: 4
model name	: AMD Phenom(tm) II X4 970 Processor
stepping	: 3
microcode	: 0x10000c8
cpu MHz		: 3500.000
cache size	: 512 KB
physical id	: 0
siblings	: 4
core id		: 1
cpu cores	: 4
apicid		: 1
initial apicid	: 1
fpu		: yes
fpu_exception	: yes
cpuid level	: 5
wp		: yes
flags		: fpu vme de pse tsc msr pae mce cx8 apic sep mtrr pge mca cmov pat pse36 clflush mmx fxsr sse sse2 ht syscall nx mmxext fxsr_opt pdpe1gb rdtscp lm 3dnowext 3dnow constant_tsc rep_good nopl nonstop_tsc extd_apicid pni monitor cx16 popcnt lahf_lm cmp_legacy svm extapic cr8_legacy abm sse4a misalignsse 3dnowprefetch osvw ibs skinit wdt hw_pstate npt lbrv svm_lock nrip_save vmmcall
bogomips	: 7001.09
TLB size	: 1024 4K pages
clflush size	: 64
cache_alignment	: 64
address sizes	: 48 bits physical, 48 bits virtual
power management: ts ttp tm stc 100mhzsteps hwpstate

processor	: 2
vendor_id	: AuthenticAMD
cpu family	: 16
model		: 4
model name	: AMD Phenom(tm) II X4 970 Processor
stepping	: 3
microcode	: 0x10000c8
cpu MHz		: 3500.000
cache size	: 512 KB
physical id	: 0
siblings	: 4
core id		: 2
cpu cores	: 4
apicid		: 2
initial apicid	: 2
fpu		: yes
fpu_exception	: yes
cpuid level	: 5
wp		: yes
flags		: fpu vme de pse tsc msr pae mce cx8 apic sep mtrr pge mca cmov pat pse36 clflush mmx fxsr sse sse2 ht syscall nx mmxext fxsr_opt pdpe1gb rdtscp lm 3dnowext 3dnow constant_tsc rep_good nopl nonstop_tsc extd_apicid pni monitor cx16 popcnt lahf_lm cmp_legacy svm extapic cr8_legacy abm sse4a misalignsse 3dnowprefetch osvw ibs skinit wdt hw_pstate npt lbrv svm_lock nrip_save vmmcall
bogomips	: 7001.09
TLB size	: 1024 4K pages
clflush size	: 64
cache_alignment	: 64
address sizes	: 48 bits physical, 48 bits virtual
power management: ts ttp tm stc 100mhzsteps hwpstate

processor	: 3
vendor_id	: AuthenticAMD
cpu family	: 16
model		: 4
model name	: AMD Phenom(tm) II X4 970 Processor
stepping	: 3
microcode	: 0x10000c8
cpu MHz		: 3500.000
cache size	: 512 KB
physical id	: 0
siblings	: 4
core id		: 3
cpu cores	: 4
apicid		: 3
initial apicid	: 3
fpu		: yes
fpu_exception	: yes
cpuid level	: 5
wp		: yes
flags		: fpu vme de pse tsc msr pae mce cx8 apic sep mtrr pge mca cmov pat pse36 clflush mmx fxsr sse sse2 ht syscall nx mmxext fxsr_opt pdpe1gb rdtscp lm 3dnowext 3dnow constant_tsc rep_good nopl nonstop_tsc extd_apicid pni monitor cx16 popcnt lahf_lm cmp_legacy svm extapic cr8_legacy abm sse4a misalignsse 3dnowprefetch osvw ibs skinit wdt hw_pstate npt lbrv svm_lock nrip_save vmmcall
bogomips	: 7001.09
TLB size	: 1024 4K pages
clflush size	: 64
cache_alignment	: 64
address sizes	: 48 bits physical, 48 bits virtual
power management: ts ttp tm stc 100mhzsteps hwpstate



Memory: 4k page, physical 8176568k(162808k free), swap 0k(0k free)

vm_info: OpenJDK 64-Bit Server VM (24.95-b01) for linux-amd64 JRE (1.7.0_101-b00), built on Apr 24 2016 20:39:29 by "buildd" with gcc 4.8.2

time: Tue May 10 17:32:40 2016
elapsed time: 23 seconds

