#
# There is insufficient memory for the Java Runtime Environment to continue.
# Native memory allocation (malloc) failed to allocate 181403648 bytes for committing reserved memory.
# Possible reasons:
#   The system is out of physical RAM or swap space
#   In 32 bit mode, the process size limit was hit
# Possible solutions:
#   Reduce memory load on the system
#   Increase physical memory or swap space
#   Check if swap backing store is full
#   Use 64 bit Java on a 64 bit OS
#   Decrease Java heap size (-Xmx/-Xms)
#   Decrease number of Java threads
#   Decrease Java thread stack sizes (-Xss)
#   Set larger code cache with -XX:ReservedCodeCacheSize=
# This output file may be truncated or incomplete.
#
#  Out of Memory Error (os_linux.cpp:2827), pid=7976, tid=139814487701248
#
# JRE version: OpenJDK Runtime Environment (7.0_101) (build 1.7.0_101-b00)
# Java VM: OpenJDK 64-Bit Server VM (24.95-b01 mixed mode linux-amd64 compressed oops)
# Derivative: IcedTea 2.6.6
# Distribution: Ubuntu 14.04 LTS, package 7u101-2.6.6-0ubuntu0.14.04.1
# Failed to write core dump. Core dumps have been disabled. To enable core dumping, try "ulimit -c unlimited" before starting Java again
#

---------------  T H R E A D  ---------------

Current thread (0x00007f2920076000):  VMThread [stack: 0x00007f2918cfb000,0x00007f2918dfc000] [id=7988]

Stack: [0x00007f2918cfb000,0x00007f2918dfc000],  sp=0x00007f2918dfa490,  free space=1021k
Native frames: (J=compiled Java code, j=interpreted, Vv=VM code, C=native code)
V  [libjvm.so+0x955705]
V  [libjvm.so+0x490c44]
V  [libjvm.so+0x7d0c9b]
V  [libjvm.so+0x7cb75f]
V  [libjvm.so+0x83ee5b]
V  [libjvm.so+0x83fcc0]
V  [libjvm.so+0x8403ab]
V  [libjvm.so+0x83c5e8]
V  [libjvm.so+0x83ce58]
V  [libjvm.so+0x7f34a3]
V  [libjvm.so+0x957104]
V  [libjvm.so+0x95b207]
V  [libjvm.so+0x959cc8]
V  [libjvm.so+0x95a129]
V  [libjvm.so+0x95a572]
V  [libjvm.so+0x7cdb62]

VM_Operation (0x00007f29275005e0): ParallelGCFailedAllocation, mode: safepoint, requested by thread 0x00007f292000a800


---------------  P R O C E S S  ---------------

Java Threads: ( => current thread )
  0x00007f2920196800 JavaThread "pool-2-thread-4" [_thread_blocked, id=8007, stack(0x00007f28ea58f000,0x00007f28ea690000)]
  0x00007f2920194800 JavaThread "pool-2-thread-3" [_thread_blocked, id=8006, stack(0x00007f28ea690000,0x00007f28ea791000)]
  0x00007f2920192800 JavaThread "pool-2-thread-2" [_thread_blocked, id=8005, stack(0x00007f28ea791000,0x00007f28ea892000)]
  0x00007f2920191000 JavaThread "pool-3-thread-1" [_thread_blocked, id=8004, stack(0x00007f28ea892000,0x00007f28ea993000)]
  0x00007f292018f800 JavaThread "pool-2-thread-1" [_thread_blocked, id=8003, stack(0x00007f28ea993000,0x00007f28eaa94000)]
  0x00007f29200b1000 JavaThread "Service Thread" daemon [_thread_blocked, id=7999, stack(0x00007f291842c000,0x00007f291852d000)]
  0x00007f29200ae800 JavaThread "C2 CompilerThread1" daemon [_thread_blocked, id=7998, stack(0x00007f291852d000,0x00007f291862e000)]
  0x00007f29200ab800 JavaThread "C2 CompilerThread0" daemon [_thread_blocked, id=7997, stack(0x00007f291862e000,0x00007f291872f000)]
  0x00007f29200a9800 JavaThread "Signal Dispatcher" daemon [_thread_blocked, id=7996, stack(0x00007f291872f000,0x00007f2918830000)]
  0x00007f292007c000 JavaThread "Finalizer" daemon [_thread_blocked, id=7990, stack(0x00007f2918af9000,0x00007f2918bfa000)]
  0x00007f292007a000 JavaThread "Reference Handler" daemon [_thread_blocked, id=7989, stack(0x00007f2918bfa000,0x00007f2918cfb000)]
  0x00007f292000a800 JavaThread "main" [_thread_blocked, id=7978, stack(0x00007f2927402000,0x00007f2927503000)]

Other Threads:
=>0x00007f2920076000 VMThread [stack: 0x00007f2918cfb000,0x00007f2918dfc000] [id=7988]
  0x00007f29200bb800 WatcherThread [stack: 0x00007f291832b000,0x00007f291842c000] [id=8000]

VM state:at safepoint (normal execution)

VM Mutex/Monitor currently owned by a thread:  ([mutex/lock_event])
[0x00007f2920006b40] Threads_lock - owner thread: 0x00007f2920076000
[0x00007f2920007040] Heap_lock - owner thread: 0x00007f292000a800

Heap
 PSYoungGen      total 136192K, used 5102K [0x00000000eaa80000, 0x00000000f3480000, 0x0000000100000000)
  eden space 131072K, 0% used [0x00000000eaa80000,0x00000000eaa80000,0x00000000f2a80000)
  from space 5120K, 99% used [0x00000000f2a80000,0x00000000f2f7b9f8,0x00000000f2f80000)
  to   space 5120K, 0% used [0x00000000f2f80000,0x00000000f2f80000,0x00000000f3480000)
 ParOldGen       total 84992K, used 48621K [0x00000000c0000000, 0x00000000c5300000, 0x00000000eaa80000)
  object space 84992K, 57% used [0x00000000c0000000,0x00000000c2f7b5e0,0x00000000c5300000)
 PSPermGen       total 21504K, used 6320K [0x00000000b5a00000, 0x00000000b6f00000, 0x00000000c0000000)
  object space 21504K, 29% used [0x00000000b5a00000,0x00000000b602c3f0,0x00000000b6f00000)

Card table byte_map: [0x00007f291cdac000,0x00007f291d000000] byte_map_base: 0x00007f291c7ff000

Polling page: 0x00007f2927529000

Code Cache  [0x00007f291d000000, 0x00007f291d270000, 0x00007f2920000000)
 total_blobs=643 nmethods=413 adapters=184 free_code_cache=47433Kb largest_free_block=48467584

Compilation events (10 events):
Event: 13.500 Thread 0x00007f29200ae800 nmethod 426 0x00007f291d18ea50 code [0x00007f291d18ebe0, 0x00007f291d18ef68]
Event: 13.500 Thread 0x00007f29200ae800  427             com.android.dx.ssa.back.FirstFitLocalCombiningAllocator::spansParamRange (24 bytes)
Event: 13.516 Thread 0x00007f29200ae800 nmethod 427 0x00007f291d17cb90 code [0x00007f291d17ccc0, 0x00007f291d17cd38]
Event: 13.516 Thread 0x00007f29200ae800  428             com.android.dx.dex.code.RopToDop::dopFor (792 bytes)
Event: 13.521 Thread 0x00007f29200ab800 nmethod 372 0x00007f291d1af890 code [0x00007f291d1b0480, 0x00007f291d1ba7a0]
Event: 13.522 Thread 0x00007f29200ab800  429             com.android.dx.cf.code.ExecutionStack::size (5 bytes)
Event: 13.522 Thread 0x00007f29200ab800 nmethod 429 0x00007f291d17fe50 code [0x00007f291d17ff80, 0x00007f291d17ffd8]
Event: 13.522 Thread 0x00007f29200ab800  430             com.android.dx.rop.cst.TypedConstant::<init> (5 bytes)
Event: 13.522 Thread 0x00007f29200ab800 nmethod 430 0x00007f291d109890 code [0x00007f291d1099c0, 0x00007f291d109a18]
Event: 13.522 Thread 0x00007f29200ab800  431             com.android.dx.ssa.SsaRenamer$BlockRenamer::addMapping (143 bytes)

GC Heap History (9 events):
Event: 1.839 GC heap before
{Heap before GC invocations=1 (full 0):
 PSYoungGen      total 37888K, used 32768K [0x00000000eaa80000, 0x00000000ed480000, 0x0000000100000000)
  eden space 32768K, 100% used [0x00000000eaa80000,0x00000000eca80000,0x00000000eca80000)
  from space 5120K, 0% used [0x00000000ecf80000,0x00000000ecf80000,0x00000000ed480000)
  to   space 5120K, 0% used [0x00000000eca80000,0x00000000eca80000,0x00000000ecf80000)
 ParOldGen       total 84992K, used 0K [0x00000000c0000000, 0x00000000c5300000, 0x00000000eaa80000)
  object space 84992K, 0% used [0x00000000c0000000,0x00000000c0000000,0x00000000c5300000)
 PSPermGen       total 21504K, used 6073K [0x00000000b5a00000, 0x00000000b6f00000, 0x00000000c0000000)
  object space 21504K, 28% used [0x00000000b5a00000,0x00000000b5fee510,0x00000000b6f00000)
Event: 1.858 GC heap after
Heap after GC invocations=1 (full 0):
 PSYoungGen      total 37888K, used 5115K [0x00000000eaa80000, 0x00000000ef480000, 0x0000000100000000)
  eden space 32768K, 0% used [0x00000000eaa80000,0x00000000eaa80000,0x00000000eca80000)
  from space 5120K, 99% used [0x00000000eca80000,0x00000000ecf7ef48,0x00000000ecf80000)
  to   space 5120K, 0% used [0x00000000eef80000,0x00000000eef80000,0x00000000ef480000)
 ParOldGen       total 84992K, used 2063K [0x00000000c0000000, 0x00000000c5300000, 0x00000000eaa80000)
  object space 84992K, 2% used [0x00000000c0000000,0x00000000c0203e00,0x00000000c5300000)
 PSPermGen       total 21504K, used 6073K [0x00000000b5a00000, 0x00000000b6f00000, 0x00000000c0000000)
  object space 21504K, 28% used [0x00000000b5a00000,0x00000000b5fee510,0x00000000b6f00000)
}
Event: 3.248 GC heap before
{Heap before GC invocations=2 (full 0):
 PSYoungGen      total 37888K, used 37883K [0x00000000eaa80000, 0x00000000ef480000, 0x0000000100000000)
  eden space 32768K, 100% used [0x00000000eaa80000,0x00000000eca80000,0x00000000eca80000)
  from space 5120K, 99% used [0x00000000eca80000,0x00000000ecf7ef48,0x00000000ecf80000)
  to   space 5120K, 0% used [0x00000000eef80000,0x00000000eef80000,0x00000000ef480000)
 ParOldGen       total 84992K, used 2063K [0x00000000c0000000, 0x00000000c5300000, 0x00000000eaa80000)
  object space 84992K, 2% used [0x00000000c0000000,0x00000000c0203e00,0x00000000c5300000)
 PSPermGen       total 21504K, used 6149K [0x00000000b5a00000, 0x00000000b6f00000, 0x00000000c0000000)
  object space 21504K, 28% used [0x00000000b5a00000,0x00000000b60016b8,0x00000000b6f00000)
Event: 3.309 GC heap after
Heap after GC invocations=2 (full 0):
 PSYoungGen      total 70656K, used 5100K [0x00000000eaa80000, 0x00000000ef480000, 0x0000000100000000)
  eden space 65536K, 0% used [0x00000000eaa80000,0x00000000eaa80000,0x00000000eea80000)
  from space 5120K, 99% used [0x00000000eef80000,0x00000000ef47b060,0x00000000ef480000)
  to   space 5120K, 0% used [0x00000000eea80000,0x00000000eea80000,0x00000000eef80000)
 ParOldGen       total 84992K, used 6608K [0x00000000c0000000, 0x00000000c5300000, 0x00000000eaa80000)
  object space 84992K, 7% used [0x00000000c0000000,0x00000000c06740c8,0x00000000c5300000)
 PSPermGen       total 21504K, used 6149K [0x00000000b5a00000, 0x00000000b6f00000, 0x00000000c0000000)
  object space 21504K, 28% used [0x00000000b5a00000,0x00000000b60016b8,0x00000000b6f00000)
}
Event: 7.114 GC heap before
{Heap before GC invocations=3 (full 0):
 PSYoungGen      total 70656K, used 70636K [0x00000000eaa80000, 0x00000000ef480000, 0x0000000100000000)
  eden space 65536K, 100% used [0x00000000eaa80000,0x00000000eea80000,0x00000000eea80000)
  from space 5120K, 99% used [0x00000000eef80000,0x00000000ef47b060,0x00000000ef480000)
  to   space 5120K, 0% used [0x00000000eea80000,0x00000000eea80000,0x00000000eef80000)
 ParOldGen       total 84992K, used 6608K [0x00000000c0000000, 0x00000000c5300000, 0x00000000eaa80000)
  object space 84992K, 7% used [0x00000000c0000000,0x00000000c06740c8,0x00000000c5300000)
 PSPermGen       total 21504K, used 6219K [0x00000000b5a00000, 0x00000000b6f00000, 0x00000000c0000000)
  object space 21504K, 28% used [0x00000000b5a00000,0x00000000b6012cf8,0x00000000b6f00000)
Event: 7.161 GC heap after
Heap after GC invocations=3 (full 0):
 PSYoungGen      total 70656K, used 5109K [0x00000000eaa80000, 0x00000000f3480000, 0x0000000100000000)
  eden space 65536K, 0% used [0x00000000eaa80000,0x00000000eaa80000,0x00000000eea80000)
  from space 5120K, 99% used [0x00000000eea80000,0x00000000eef7d4c0,0x00000000eef80000)
  to   space 5120K, 0% used [0x00000000f2f80000,0x00000000f2f80000,0x00000000f3480000)
 ParOldGen       total 84992K, used 15630K [0x00000000c0000000, 0x00000000c5300000, 0x00000000eaa80000)
  object space 84992K, 18% used [0x00000000c0000000,0x00000000c0f43900,0x00000000c5300000)
 PSPermGen       total 21504K, used 6219K [0x00000000b5a00000, 0x00000000b6f00000, 0x00000000c0000000)
  object space 21504K, 28% used [0x00000000b5a00000,0x00000000b6012cf8,0x00000000b6f00000)
}
Event: 9.116 GC heap before
{Heap before GC invocations=4 (full 0):
 PSYoungGen      total 70656K, used 70645K [0x00000000eaa80000, 0x00000000f3480000, 0x0000000100000000)
  eden space 65536K, 100% used [0x00000000eaa80000,0x00000000eea80000,0x00000000eea80000)
  from space 5120K, 99% used [0x00000000eea80000,0x00000000eef7d4c0,0x00000000eef80000)
  to   space 5120K, 0% used [0x00000000f2f80000,0x00000000f2f80000,0x00000000f3480000)
 ParOldGen       total 84992K, used 15630K [0x00000000c0000000, 0x00000000c5300000, 0x00000000eaa80000)
  object space 84992K, 18% used [0x00000000c0000000,0x00000000c0f43900,0x00000000c5300000)
 PSPermGen       total 21504K, used 6249K [0x00000000b5a00000, 0x00000000b6f00000, 0x00000000c0000000)
  object space 21504K, 29% used [0x00000000b5a00000,0x00000000b601a4e8,0x00000000b6f00000)
Event: 9.181 GC heap after
Heap after GC invocations=4 (full 0):
 PSYoungGen      total 136192K, used 5093K [0x00000000eaa80000, 0x00000000f3480000, 0x0000000100000000)
  eden space 131072K, 0% used [0x00000000eaa80000,0x00000000eaa80000,0x00000000f2a80000)
  from space 5120K, 99% used [0x00000000f2f80000,0x00000000f3479710,0x00000000f3480000)
  to   space 5120K, 0% used [0x00000000f2a80000,0x00000000f2a80000,0x00000000f2f80000)
 ParOldGen       total 84992K, used 26637K [0x00000000c0000000, 0x00000000c5300000, 0x00000000eaa80000)
  object space 84992K, 31% used [0x00000000c0000000,0x00000000c1a036a8,0x00000000c5300000)
 PSPermGen       total 21504K, used 6249K [0x00000000b5a00000, 0x00000000b6f00000, 0x00000000c0000000)
  object space 21504K, 29% used [0x00000000b5a00000,0x00000000b601a4e8,0x00000000b6f00000)
}
Event: 13.552 GC heap before
{Heap before GC invocations=5 (full 0):
 PSYoungGen      total 136192K, used 136165K [0x00000000eaa80000, 0x00000000f3480000, 0x0000000100000000)
  eden space 131072K, 100% used [0x00000000eaa80000,0x00000000f2a80000,0x00000000f2a80000)
  from space 5120K, 99% used [0x00000000f2f80000,0x00000000f3479710,0x00000000f3480000)
  to   space 5120K, 0% used [0x00000000f2a80000,0x00000000f2a80000,0x00000000f2f80000)
 ParOldGen       total 84992K, used 26637K [0x00000000c0000000, 0x00000000c5300000, 0x00000000eaa80000)
  object space 84992K, 31% used [0x00000000c0000000,0x00000000c1a036a8,0x00000000c5300000)
 PSPermGen       total 21504K, used 6320K [0x00000000b5a00000, 0x00000000b6f00000, 0x00000000c0000000)
  object space 21504K, 29% used [0x00000000b5a00000,0x00000000b602c3f0,0x00000000b6f00000)

Deoptimization events (10 events):
Event: 4.811 Thread 0x00007f2920192800 Uncommon trap: reason=unstable_if action=reinterpret pc=0x00007f291d0d6014 method=com.android.dx.ssa.Dominators.run()V @ 346
Event: 5.693 Thread 0x00007f2920192800 Uncommon trap: reason=unstable_if action=reinterpret pc=0x00007f291d0fb9cc method=com.android.dx.ssa.SCCP.simulateBranch(Lcom/android/dx/ssa/SsaInsn;)V @ 64
Event: 6.995 Thread 0x00007f292000a800 Uncommon trap: reason=null_check action=make_not_entrant pc=0x00007f291d0eae90 method=com.android.dx.rop.type.Type.putIntern(Lcom/android/dx/rop/type/Type;)Lcom/android/dx/rop/type/Type; @ 18
Event: 7.332 Thread 0x00007f2920196800 Uncommon trap: reason=unstable_if action=reinterpret pc=0x00007f291d1097f8 method=com.android.dx.ssa.SCCP.simulateStmt(Lcom/android/dx/ssa/SsaInsn;)V @ 435
Event: 8.633 Thread 0x00007f2920194800 Uncommon trap: reason=unstable_if action=reinterpret pc=0x00007f291d0f56b0 method=com.android.dx.rop.code.LocalItem.compareHandlesNulls(Lcom/android/dx/rop/cst/CstString;Lcom/android/dx/rop/cst/CstString;)I @ 14
Event: 8.633 Thread 0x00007f2920194800 Uncommon trap: reason=unstable_if action=reinterpret pc=0x00007f291d0f400c method=com.android.dx.rop.code.LocalItem.compareHandlesNulls(Lcom/android/dx/rop/cst/CstString;Lcom/android/dx/rop/cst/CstString;)I @ 14
Event: 8.692 Thread 0x00007f2920194800 Uncommon trap: reason=null_check action=make_not_entrant pc=0x00007f291d1572f0 method=com.android.dx.cf.code.Ropper$CatchInfo.getSetup(Lcom/android/dx/rop/type/Type;)Lcom/android/dx/cf/code/Ropper$ExceptionHandlerSetup; @ 10
Event: 11.836 Thread 0x00007f2920192800 Uncommon trap: reason=bimorphic action=maybe_recompile pc=0x00007f291d16a4ec method=com.android.dx.cf.code.BytecodeArray.parseInstruction(ILcom/android/dx/cf/code/BytecodeArray$Visitor;)I @ 1130
Event: 11.838 Thread 0x00007f2920192800 Uncommon trap: reason=bimorphic action=maybe_recompile pc=0x00007f291d16a4ec method=com.android.dx.cf.code.BytecodeArray.parseInstruction(ILcom/android/dx/cf/code/BytecodeArray$Visitor;)I @ 1130
Event: 12.074 Thread 0x00007f2920192800 Uncommon trap: reason=unstable_if action=reinterpret pc=0x00007f291d1842d8 method=java.util.BitSet.ensureCapacity(I)V @ 6

Internal exceptions (10 events):
Event: 1.964 Thread 0x00007f2920192800 Implicit null exception at 0x00007f291d08ef12 to 0x00007f291d08efb2
Event: 2.768 Thread 0x00007f2920196800 Implicit null exception at 0x00007f291d0b9dcd to 0x00007f291d0bbf61
Event: 2.805 Thread 0x00007f2920196800 Implicit null exception at 0x00007f291d0afdeb to 0x00007f291d0b0e09
Event: 4.773 Thread 0x00007f2920194800 Threw 0x00000000ec7b8388 at /build/openjdk-7-9duhBW/openjdk-7-7u101-2.6.6/build/openjdk/hotspot/src/share/vm/prims/jvm.cpp:1322
Event: 5.694 Thread 0x00007f2920192800 Threw 0x00000000ed6ef128 at /build/openjdk-7-9duhBW/openjdk-7-7u101-2.6.6/build/openjdk/hotspot/src/share/vm/prims/jvm.cpp:1322
Event: 6.995 Thread 0x00007f292000a800 Implicit null exception at 0x00007f291d0ea7cb to 0x00007f291d0eae81
Event: 8.633 Thread 0x00007f2920194800 Implicit null exception at 0x00007f291d0f556c to 0x00007f291d0f569d
Event: 8.633 Thread 0x00007f2920194800 Implicit null exception at 0x00007f291d0f3f39 to 0x00007f291d0f3ff9
Event: 8.691 Thread 0x00007f292000a800 Threw 0x00000000ed7b6878 at /build/openjdk-7-9duhBW/openjdk-7-7u101-2.6.6/build/openjdk/hotspot/src/share/vm/prims/jvm.cpp:1322
Event: 8.692 Thread 0x00007f2920194800 Implicit null exception at 0x00007f291d153918 to 0x00007f291d1572a9

Events (10 events):
Event: 11.836 Thread 0x00007f2920192800 DEOPT PACKING pc=0x00007f291d16a4ec sp=0x00007f28ea890030
Event: 11.836 Thread 0x00007f2920192800 DEOPT UNPACKING pc=0x00007f291d039045 sp=0x00007f28ea88ffe8 mode 2
Event: 11.838 Thread 0x00007f2920192800 Uncommon trap: trap_request=0xffffffc6 fr.pc=0x00007f291d16a4ec
Event: 11.838 Thread 0x00007f2920192800 DEOPT PACKING pc=0x00007f291d16a4ec sp=0x00007f28ea890030
Event: 11.838 Thread 0x00007f2920192800 DEOPT UNPACKING pc=0x00007f291d039045 sp=0x00007f28ea88ffe8 mode 2
Event: 12.074 Thread 0x00007f2920192800 Uncommon trap: trap_request=0xffffff75 fr.pc=0x00007f291d1842d8
Event: 12.074 Thread 0x00007f2920192800 DEOPT PACKING pc=0x00007f291d1842d8 sp=0x00007f28ea8901a0
Event: 12.074 Thread 0x00007f2920192800 DEOPT UNPACKING pc=0x00007f291d039045 sp=0x00007f28ea88ffc0 mode 2
Event: 12.866 Thread 0x00007f29200ae800 flushing nmethod 0x00007f291d1094d0
Event: 13.529 Executing VM operation: ParallelGCFailedAllocation


Dynamic libraries:
00400000-00401000 r-xp 00000000 08:21 8658556                            /usr/lib/jvm/java-7-openjdk-amd64/jre/bin/java
00600000-00601000 r--p 00000000 08:21 8658556                            /usr/lib/jvm/java-7-openjdk-amd64/jre/bin/java
00601000-00602000 rw-p 00001000 08:21 8658556                            /usr/lib/jvm/java-7-openjdk-amd64/jre/bin/java
010fe000-0111f000 rw-p 00000000 00:00 0                                  [heap]
b5a00000-b6f00000 rw-p 00000000 00:00 0 
b6f00000-c0000000 rw-p 00000000 00:00 0 
c0000000-c5300000 rw-p 00000000 00:00 0 
c5300000-eaa80000 rw-p 00000000 00:00 0 
eaa80000-f3480000 rw-p 00000000 00:00 0 
fe180000-100000000 rw-p 00000000 00:00 0 
7f28d0000000-7f28d0021000 rw-p 00000000 00:00 0 
7f28d0021000-7f28d4000000 ---p 00000000 00:00 0 
7f28d4000000-7f28d402b000 rw-p 00000000 00:00 0 
7f28d402b000-7f28d8000000 ---p 00000000 00:00 0 
7f28d8000000-7f28d8021000 rw-p 00000000 00:00 0 
7f28d8021000-7f28dc000000 ---p 00000000 00:00 0 
7f28dc000000-7f28dc027000 rw-p 00000000 00:00 0 
7f28dc027000-7f28e0000000 ---p 00000000 00:00 0 
7f28e0000000-7f28e0033000 rw-p 00000000 00:00 0 
7f28e0033000-7f28e4000000 ---p 00000000 00:00 0 
7f28e4000000-7f28e4021000 rw-p 00000000 00:00 0 
7f28e4021000-7f28e8000000 ---p 00000000 00:00 0 
7f28ea58f000-7f28ea592000 ---p 00000000 00:00 0 
7f28ea592000-7f28ea690000 rw-p 00000000 00:00 0                          [stack:8007]
7f28ea690000-7f28ea693000 ---p 00000000 00:00 0 
7f28ea693000-7f28ea791000 rw-p 00000000 00:00 0                          [stack:8006]
7f28ea791000-7f28ea794000 ---p 00000000 00:00 0 
7f28ea794000-7f28ea892000 rw-p 00000000 00:00 0                          [stack:8005]
7f28ea892000-7f28ea895000 ---p 00000000 00:00 0 
7f28ea895000-7f28ea993000 rw-p 00000000 00:00 0                          [stack:8004]
7f28ea993000-7f28ea996000 ---p 00000000 00:00 0 
7f28ea996000-7f28eaa94000 rw-p 00000000 00:00 0                          [stack:8003]
7f28eaa94000-7f28eaad1000 r-xp 00000000 08:21 2097339                    /lib/x86_64-linux-gnu/libpcre.so.3.13.1
7f28eaad1000-7f28eacd0000 ---p 0003d000 08:21 2097339                    /lib/x86_64-linux-gnu/libpcre.so.3.13.1
7f28eacd0000-7f28eacd1000 r--p 0003c000 08:21 2097339                    /lib/x86_64-linux-gnu/libpcre.so.3.13.1
7f28eacd1000-7f28eacd2000 rw-p 0003d000 08:21 2097339                    /lib/x86_64-linux-gnu/libpcre.so.3.13.1
7f28eacd2000-7f28eacd9000 r-xp 00000000 08:21 8651438                    /usr/lib/x86_64-linux-gnu/libffi.so.6.0.1
7f28eacd9000-7f28eaed8000 ---p 00007000 08:21 8651438                    /usr/lib/x86_64-linux-gnu/libffi.so.6.0.1
7f28eaed8000-7f28eaed9000 r--p 00006000 08:21 8651438                    /usr/lib/x86_64-linux-gnu/libffi.so.6.0.1
7f28eaed9000-7f28eaeda000 rw-p 00007000 08:21 8651438                    /usr/lib/x86_64-linux-gnu/libffi.so.6.0.1
7f28eaeda000-7f28eaef1000 r-xp 00000000 08:21 2097382                    /lib/x86_64-linux-gnu/libresolv-2.19.so
7f28eaef1000-7f28eb0f1000 ---p 00017000 08:21 2097382                    /lib/x86_64-linux-gnu/libresolv-2.19.so
7f28eb0f1000-7f28eb0f2000 r--p 00017000 08:21 2097382                    /lib/x86_64-linux-gnu/libresolv-2.19.so
7f28eb0f2000-7f28eb0f3000 rw-p 00018000 08:21 2097382                    /lib/x86_64-linux-gnu/libresolv-2.19.so
7f28eb0f3000-7f28eb0f5000 rw-p 00000000 00:00 0 
7f28eb0f5000-7f28eb115000 r-xp 00000000 08:21 2101272                    /lib/x86_64-linux-gnu/libselinux.so.1
7f28eb115000-7f28eb314000 ---p 00020000 08:21 2101272                    /lib/x86_64-linux-gnu/libselinux.so.1
7f28eb314000-7f28eb315000 r--p 0001f000 08:21 2101272                    /lib/x86_64-linux-gnu/libselinux.so.1
7f28eb315000-7f28eb316000 rw-p 00020000 08:21 2101272                    /lib/x86_64-linux-gnu/libselinux.so.1
7f28eb316000-7f28eb318000 rw-p 00000000 00:00 0 
7f28eb318000-7f28eb31b000 r-xp 00000000 08:21 8651136                    /usr/lib/x86_64-linux-gnu/libgmodule-2.0.so.0.4002.0
7f28eb31b000-7f28eb51a000 ---p 00003000 08:21 8651136                    /usr/lib/x86_64-linux-gnu/libgmodule-2.0.so.0.4002.0
7f28eb51a000-7f28eb51b000 r--p 00002000 08:21 8651136                    /usr/lib/x86_64-linux-gnu/libgmodule-2.0.so.0.4002.0
7f28eb51b000-7f28eb51c000 rw-p 00003000 08:21 8651136                    /usr/lib/x86_64-linux-gnu/libgmodule-2.0.so.0.4002.0
7f28eb51c000-7f28eb622000 r-xp 00000000 08:21 2103853                    /lib/x86_64-linux-gnu/libglib-2.0.so.0.4002.0
7f28eb622000-7f28eb821000 ---p 00106000 08:21 2103853                    /lib/x86_64-linux-gnu/libglib-2.0.so.0.4002.0
7f28eb821000-7f28eb822000 r--p 00105000 08:21 2103853                    /lib/x86_64-linux-gnu/libglib-2.0.so.0.4002.0
7f28eb822000-7f28eb823000 rw-p 00106000 08:21 2103853                    /lib/x86_64-linux-gnu/libglib-2.0.so.0.4002.0
7f28eb823000-7f28eb824000 rw-p 00000000 00:00 0 
7f28eb824000-7f28eb873000 r-xp 00000000 08:21 8651155                    /usr/lib/x86_64-linux-gnu/libgobject-2.0.so.0.4002.0
7f28eb873000-7f28eba73000 ---p 0004f000 08:21 8651155                    /usr/lib/x86_64-linux-gnu/libgobject-2.0.so.0.4002.0
7f28eba73000-7f28eba74000 r--p 0004f000 08:21 8651155                    /usr/lib/x86_64-linux-gnu/libgobject-2.0.so.0.4002.0
7f28eba74000-7f28eba75000 rw-p 00050000 08:21 8651155                    /usr/lib/x86_64-linux-gnu/libgobject-2.0.so.0.4002.0
7f28eba75000-7f28ebbe1000 r-xp 00000000 08:21 8651158                    /usr/lib/x86_64-linux-gnu/libgio-2.0.so.0.4002.0
7f28ebbe1000-7f28ebde0000 ---p 0016c000 08:21 8651158                    /usr/lib/x86_64-linux-gnu/libgio-2.0.so.0.4002.0
7f28ebde0000-7f28ebde4000 r--p 0016b000 08:21 8651158                    /usr/lib/x86_64-linux-gnu/libgio-2.0.so.0.4002.0
7f28ebde4000-7f28ebde6000 rw-p 0016f000 08:21 8651158                    /usr/lib/x86_64-linux-gnu/libgio-2.0.so.0.4002.0
7f28ebde6000-7f28ebde8000 rw-p 00000000 00:00 0 
7f28ebde8000-7f28ebdff000 r-xp 00000000 08:21 8661613                    /usr/lib/jvm/java-7-openjdk-amd64/jre/lib/amd64/libnet.so
7f28ebdff000-7f28ebffe000 ---p 00017000 08:21 8661613                    /usr/lib/jvm/java-7-openjdk-amd64/jre/lib/amd64/libnet.so
7f28ebffe000-7f28ebfff000 r--p 00016000 08:21 8661613                    /usr/lib/jvm/java-7-openjdk-amd64/jre/lib/amd64/libnet.so
7f28ebfff000-7f28ec000000 rw-p 00017000 08:21 8661613                    /usr/lib/jvm/java-7-openjdk-amd64/jre/lib/amd64/libnet.so
7f28ec000000-7f28ed1f2000 rw-p 00000000 00:00 0 
7f28ed1f2000-7f28f0000000 ---p 00000000 00:00 0 
7f28f0000000-7f28f0021000 rw-p 00000000 00:00 0 
7f28f0021000-7f28f4000000 ---p 00000000 00:00 0 
7f28f4000000-7f28f4021000 rw-p 00000000 00:00 0 
7f28f4021000-7f28f8000000 ---p 00000000 00:00 0 
7f28f8000000-7f28f92df000 rw-p 00000000 00:00 0 
7f28f92df000-7f28fc000000 ---p 00000000 00:00 0 
7f28fc000000-7f28fc021000 rw-p 00000000 00:00 0 
7f28fc021000-7f2900000000 ---p 00000000 00:00 0 
7f2900000000-7f2900021000 rw-p 00000000 00:00 0 
7f2900021000-7f2904000000 ---p 00000000 00:00 0 
7f2904000000-7f2904021000 rw-p 00000000 00:00 0 
7f2904021000-7f2908000000 ---p 00000000 00:00 0 
7f2908000000-7f2908021000 rw-p 00000000 00:00 0 
7f2908021000-7f290c000000 ---p 00000000 00:00 0 
7f290c000000-7f290c021000 rw-p 00000000 00:00 0 
7f290c021000-7f2910000000 ---p 00000000 00:00 0 
7f2910000000-7f2910021000 rw-p 00000000 00:00 0 
7f2910021000-7f2914000000 ---p 00000000 00:00 0 
7f2914000000-7f2914021000 rw-p 00000000 00:00 0 
7f2914021000-7f2918000000 ---p 00000000 00:00 0 
7f29180b1000-7f29180e2000 rw-p 00000000 00:00 0 
7f2918104000-7f2918114000 r-xp 00000000 08:21 8661634                    /usr/lib/jvm/java-7-openjdk-amd64/jre/lib/amd64/libnio.so
7f2918114000-7f2918314000 ---p 00010000 08:21 8661634                    /usr/lib/jvm/java-7-openjdk-amd64/jre/lib/amd64/libnio.so
7f2918314000-7f2918315000 r--p 00010000 08:21 8661634                    /usr/lib/jvm/java-7-openjdk-amd64/jre/lib/amd64/libnio.so
7f2918315000-7f2918316000 rw-p 00011000 08:21 8661634                    /usr/lib/jvm/java-7-openjdk-amd64/jre/lib/amd64/libnio.so
7f2918316000-7f291832b000 r--s 000e5000 08:01 50867                      /mnt/Storage/School/CSE 190/UCSanDroid/profitableandroid/app/build/intermediates/exploded-aar/com.android.support/support-v4/23.1.0/jars/classes.jar
7f291832b000-7f291832c000 ---p 00000000 00:00 0 
7f291832c000-7f291842c000 rw-p 00000000 00:00 0                          [stack:8000]
7f291842c000-7f291842f000 ---p 00000000 00:00 0 
7f291842f000-7f291852d000 rw-p 00000000 00:00 0                          [stack:7999]
7f291852d000-7f2918530000 ---p 00000000 00:00 0 
7f2918530000-7f291862e000 rw-p 00000000 00:00 0                          [stack:7998]
7f291862e000-7f2918631000 ---p 00000000 00:00 0 
7f2918631000-7f291872f000 rw-p 00000000 00:00 0                          [stack:7997]
7f291872f000-7f2918732000 ---p 00000000 00:00 0 
7f2918732000-7f2918830000 rw-p 00000000 00:00 0                          [stack:7996]
7f2918830000-7f2918af9000 r--p 00000000 08:21 8658687                    /usr/lib/locale/locale-archive
7f2918af9000-7f2918afc000 ---p 00000000 00:00 0 
7f2918afc000-7f2918bfa000 rw-p 00000000 00:00 0                          [stack:7990]
7f2918bfa000-7f2918bfd000 ---p 00000000 00:00 0 
7f2918bfd000-7f2918cfb000 rw-p 00000000 00:00 0                          [stack:7989]
7f2918cfb000-7f2918cfc000 ---p 00000000 00:00 0 
7f2918cfc000-7f2919df9000 rw-p 00000000 00:00 0                          [stack:7988]
7f2919df9000-7f2919fab000 r--s 01d32000 08:21 8661647                    /usr/lib/jvm/java-7-openjdk-amd64/jre/lib/rt.jar
7f2919fab000-7f291c7ff000 rw-p 00000000 00:00 0 
7f291c7ff000-7f291c800000 ---p 00000000 00:00 0 
7f291c800000-7f291c900000 rw-p 00000000 00:00 0                          [stack:7985]
7f291c900000-7f291c901000 ---p 00000000 00:00 0 
7f291c901000-7f291ca01000 rw-p 00000000 00:00 0                          [stack:7983]
7f291ca01000-7f291ca02000 ---p 00000000 00:00 0 
7f291ca02000-7f291cb02000 rw-p 00000000 00:00 0                          [stack:7982]
7f291cb02000-7f291cb03000 ---p 00000000 00:00 0 
7f291cb03000-7f291cc0e000 rw-p 00000000 00:00 0                          [stack:7981]
7f291cc0e000-7f291cc56000 rw-p 00000000 00:00 0 
7f291cc56000-7f291cc80000 rw-p 00000000 00:00 0 
7f291cc80000-7f291cdac000 rw-p 00000000 00:00 0 
7f291cdac000-7f291cdb7000 rw-p 00000000 00:00 0 
7f291cdb7000-7f291cdff000 rw-p 00000000 00:00 0 
7f291cdff000-7f291ce29000 rw-p 00000000 00:00 0 
7f291ce29000-7f291cf54000 rw-p 00000000 00:00 0 
7f291cf54000-7f291cf9a000 rw-p 00000000 00:00 0 
7f291cf9a000-7f291cfff000 rw-p 00000000 00:00 0 
7f291cfff000-7f291d000000 rw-p 00000000 00:00 0 
7f291d000000-7f291d270000 rwxp 00000000 00:00 0 
7f291d270000-7f29201ed000 rw-p 00000000 00:00 0 
7f29201ed000-7f2924000000 ---p 00000000 00:00 0 
7f2924007000-7f2924016000 r--s 000df000 08:21 262433                     /home/deamon/Android/Sdk/build-tools/23.0.1/lib/dx.jar
7f2924016000-7f292403e000 rw-p 00000000 00:00 0 
7f292403e000-7f2924046000 r-xp 00000000 08:21 8661618                    /usr/lib/jvm/java-7-openjdk-amd64/jre/lib/amd64/libzip.so
7f2924046000-7f2924245000 ---p 00008000 08:21 8661618                    /usr/lib/jvm/java-7-openjdk-amd64/jre/lib/amd64/libzip.so
7f2924245000-7f2924246000 r--p 00007000 08:21 8661618                    /usr/lib/jvm/java-7-openjdk-amd64/jre/lib/amd64/libzip.so
7f2924246000-7f2924247000 rw-p 00008000 08:21 8661618                    /usr/lib/jvm/java-7-openjdk-amd64/jre/lib/amd64/libzip.so
7f2924247000-7f2924252000 r-xp 00000000 08:21 2098455                    /lib/x86_64-linux-gnu/libnss_files-2.19.so
7f2924252000-7f2924451000 ---p 0000b000 08:21 2098455                    /lib/x86_64-linux-gnu/libnss_files-2.19.so
7f2924451000-7f2924452000 r--p 0000a000 08:21 2098455                    /lib/x86_64-linux-gnu/libnss_files-2.19.so
7f2924452000-7f2924453000 rw-p 0000b000 08:21 2098455                    /lib/x86_64-linux-gnu/libnss_files-2.19.so
7f2924453000-7f292445e000 r-xp 00000000 08:21 2098447                    /lib/x86_64-linux-gnu/libnss_nis-2.19.so
7f292445e000-7f292465d000 ---p 0000b000 08:21 2098447                    /lib/x86_64-linux-gnu/libnss_nis-2.19.so
7f292465d000-7f292465e000 r--p 0000a000 08:21 2098447                    /lib/x86_64-linux-gnu/libnss_nis-2.19.so
7f292465e000-7f292465f000 rw-p 0000b000 08:21 2098447                    /lib/x86_64-linux-gnu/libnss_nis-2.19.so
7f292465f000-7f2924676000 r-xp 00000000 08:21 2098443                    /lib/x86_64-linux-gnu/libnsl-2.19.so
7f2924676000-7f2924875000 ---p 00017000 08:21 2098443                    /lib/x86_64-linux-gnu/libnsl-2.19.so
7f2924875000-7f2924876000 r--p 00016000 08:21 2098443                    /lib/x86_64-linux-gnu/libnsl-2.19.so
7f2924876000-7f2924877000 rw-p 00017000 08:21 2098443                    /lib/x86_64-linux-gnu/libnsl-2.19.so
7f2924877000-7f2924879000 rw-p 00000000 00:00 0 
7f2924879000-7f2924882000 r-xp 00000000 08:21 2097435                    /lib/x86_64-linux-gnu/libnss_compat-2.19.so
7f2924882000-7f2924a81000 ---p 00009000 08:21 2097435                    /lib/x86_64-linux-gnu/libnss_compat-2.19.so
7f2924a81000-7f2924a82000 r--p 00008000 08:21 2097435                    /lib/x86_64-linux-gnu/libnss_compat-2.19.so
7f2924a82000-7f2924a83000 rw-p 00009000 08:21 2097435                    /lib/x86_64-linux-gnu/libnss_compat-2.19.so
7f2924a83000-7f2924aae000 r-xp 00000000 08:21 8661598                    /usr/lib/jvm/java-7-openjdk-amd64/jre/lib/amd64/libjava.so
7f2924aae000-7f2924cae000 ---p 0002b000 08:21 8661598                    /usr/lib/jvm/java-7-openjdk-amd64/jre/lib/amd64/libjava.so
7f2924cae000-7f2924caf000 r--p 0002b000 08:21 8661598                    /usr/lib/jvm/java-7-openjdk-amd64/jre/lib/amd64/libjava.so
7f2924caf000-7f2924cb1000 rw-p 0002c000 08:21 8661598                    /usr/lib/jvm/java-7-openjdk-amd64/jre/lib/amd64/libjava.so
7f2924cb1000-7f2924cc1000 r-xp 00000000 08:21 8661600                    /usr/lib/jvm/java-7-openjdk-amd64/jre/lib/amd64/libverify.so
7f2924cc1000-7f2924ec0000 ---p 00010000 08:21 8661600                    /usr/lib/jvm/java-7-openjdk-amd64/jre/lib/amd64/libverify.so
7f2924ec0000-7f2924ec2000 r--p 0000f000 08:21 8661600                    /usr/lib/jvm/java-7-openjdk-amd64/jre/lib/amd64/libverify.so
7f2924ec2000-7f2924ec3000 rw-p 00011000 08:21 8661600                    /usr/lib/jvm/java-7-openjdk-amd64/jre/lib/amd64/libverify.so
7f2924ec3000-7f2924eca000 r-xp 00000000 08:21 2098451                    /lib/x86_64-linux-gnu/librt-2.19.so
7f2924eca000-7f29250c9000 ---p 00007000 08:21 2098451                    /lib/x86_64-linux-gnu/librt-2.19.so
7f29250c9000-7f29250ca000 r--p 00006000 08:21 2098451                    /lib/x86_64-linux-gnu/librt-2.19.so
7f29250ca000-7f29250cb000 rw-p 00007000 08:21 2098451                    /lib/x86_64-linux-gnu/librt-2.19.so
7f29250cb000-7f29250e1000 r-xp 00000000 08:21 2097417                    /lib/x86_64-linux-gnu/libgcc_s.so.1
7f29250e1000-7f29252e0000 ---p 00016000 08:21 2097417                    /lib/x86_64-linux-gnu/libgcc_s.so.1
7f29252e0000-7f29252e1000 rw-p 00015000 08:21 2097417                    /lib/x86_64-linux-gnu/libgcc_s.so.1
7f29252e1000-7f29253e6000 r-xp 00000000 08:21 2097430                    /lib/x86_64-linux-gnu/libm-2.19.so
7f29253e6000-7f29255e5000 ---p 00105000 08:21 2097430                    /lib/x86_64-linux-gnu/libm-2.19.so
7f29255e5000-7f29255e6000 r--p 00104000 08:21 2097430                    /lib/x86_64-linux-gnu/libm-2.19.so
7f29255e6000-7f29255e7000 rw-p 00105000 08:21 2097430                    /lib/x86_64-linux-gnu/libm-2.19.so
7f29255e7000-7f29256cd000 r-xp 00000000 08:21 8656120                    /usr/lib/x86_64-linux-gnu/libstdc++.so.6.0.19
7f29256cd000-7f29258cc000 ---p 000e6000 08:21 8656120                    /usr/lib/x86_64-linux-gnu/libstdc++.so.6.0.19
7f29258cc000-7f29258d4000 r--p 000e5000 08:21 8656120                    /usr/lib/x86_64-linux-gnu/libstdc++.so.6.0.19
7f29258d4000-7f29258d6000 rw-p 000ed000 08:21 8656120                    /usr/lib/x86_64-linux-gnu/libstdc++.so.6.0.19
7f29258d6000-7f29258eb000 rw-p 00000000 00:00 0 
7f29258eb000-7f2926410000 r-xp 00000000 08:21 8661616                    /usr/lib/jvm/java-7-openjdk-amd64/jre/lib/amd64/server/libjvm.so
7f2926410000-7f2926610000 ---p 00b25000 08:21 8661616                    /usr/lib/jvm/java-7-openjdk-amd64/jre/lib/amd64/server/libjvm.so
7f2926610000-7f29266aa000 r--p 00b25000 08:21 8661616                    /usr/lib/jvm/java-7-openjdk-amd64/jre/lib/amd64/server/libjvm.so
7f29266aa000-7f29266cd000 rw-p 00bbf000 08:21 8661616                    /usr/lib/jvm/java-7-openjdk-amd64/jre/lib/amd64/server/libjvm.so
7f29266cd000-7f29266fc000 rw-p 00000000 00:00 0 
7f29266fc000-7f2926714000 r-xp 00000000 08:21 2101303                    /lib/x86_64-linux-gnu/libz.so.1.2.8
7f2926714000-7f2926913000 ---p 00018000 08:21 2101303                    /lib/x86_64-linux-gnu/libz.so.1.2.8
7f2926913000-7f2926914000 r--p 00017000 08:21 2101303                    /lib/x86_64-linux-gnu/libz.so.1.2.8
7f2926914000-7f2926915000 rw-p 00018000 08:21 2101303                    /lib/x86_64-linux-gnu/libz.so.1.2.8
7f2926915000-7f292692e000 r-xp 00000000 08:21 2098444                    /lib/x86_64-linux-gnu/libpthread-2.19.so
7f292692e000-7f2926b2d000 ---p 00019000 08:21 2098444                    /lib/x86_64-linux-gnu/libpthread-2.19.so
7f2926b2d000-7f2926b2e000 r--p 00018000 08:21 2098444                    /lib/x86_64-linux-gnu/libpthread-2.19.so
7f2926b2e000-7f2926b2f000 rw-p 00019000 08:21 2098444                    /lib/x86_64-linux-gnu/libpthread-2.19.so
7f2926b2f000-7f2926b33000 rw-p 00000000 00:00 0 
7f2926b33000-7f2926b36000 r-xp 00000000 08:21 2097432                    /lib/x86_64-linux-gnu/libdl-2.19.so
7f2926b36000-7f2926d35000 ---p 00003000 08:21 2097432                    /lib/x86_64-linux-gnu/libdl-2.19.so
7f2926d35000-7f2926d36000 r--p 00002000 08:21 2097432                    /lib/x86_64-linux-gnu/libdl-2.19.so
7f2926d36000-7f2926d37000 rw-p 00003000 08:21 2097432                    /lib/x86_64-linux-gnu/libdl-2.19.so
7f2926d37000-7f2926ef2000 r-xp 00000000 08:21 2098452                    /lib/x86_64-linux-gnu/libc-2.19.so
7f2926ef2000-7f29270f1000 ---p 001bb000 08:21 2098452                    /lib/x86_64-linux-gnu/libc-2.19.so
7f29270f1000-7f29270f5000 r--p 001ba000 08:21 2098452                    /lib/x86_64-linux-gnu/libc-2.19.so
7f29270f5000-7f29270f7000 rw-p 001be000 08:21 2098452                    /lib/x86_64-linux-gnu/libc-2.19.so
7f29270f7000-7f29270fc000 rw-p 00000000 00:00 0 
7f29270fc000-7f2927109000 r-xp 00000000 08:21 8661631                    /usr/lib/jvm/java-7-openjdk-amd64/jre/lib/amd64/jli/libjli.so
7f2927109000-7f2927308000 ---p 0000d000 08:21 8661631                    /usr/lib/jvm/java-7-openjdk-amd64/jre/lib/amd64/jli/libjli.so
7f2927308000-7f2927309000 r--p 0000c000 08:21 8661631                    /usr/lib/jvm/java-7-openjdk-amd64/jre/lib/amd64/jli/libjli.so
7f2927309000-7f292730a000 rw-p 0000d000 08:21 8661631                    /usr/lib/jvm/java-7-openjdk-amd64/jre/lib/amd64/jli/libjli.so
7f292730a000-7f292732d000 r-xp 00000000 08:21 2098445                    /lib/x86_64-linux-gnu/ld-2.19.so
7f292732d000-7f292732e000 rw-p 00000000 00:00 0 
7f292732e000-7f292732f000 r--s 00002000 08:21 8661734                    /usr/lib/jvm/java-7-openjdk-amd64/jre/lib/ext/dnsns.jar
7f292732f000-7f2927332000 r--s 0000f000 08:21 8661737                    /usr/lib/jvm/java-7-openjdk-amd64/jre/lib/ext/icedtea-sound.jar
7f2927332000-7f2927334000 r--s 00012000 08:21 8661735                    /usr/lib/jvm/java-7-openjdk-amd64/jre/lib/ext/zipfs.jar
7f2927334000-7f2927336000 r--s 00006000 08:21 8917114                    /usr/share/java/java-atk-wrapper.jar
7f2927336000-7f292733a000 r--s 0003c000 08:21 8661739                    /usr/lib/jvm/java-7-openjdk-amd64/jre/lib/ext/sunpkcs11.jar
7f292733a000-7f292733e000 r--s 00034000 08:21 8661736                    /usr/lib/jvm/java-7-openjdk-amd64/jre/lib/ext/sunjce_provider.jar
7f292733e000-7f2927342000 r--s 00085000 08:21 8661738                    /usr/lib/jvm/java-7-openjdk-amd64/jre/lib/ext/localedata.jar
7f2927342000-7f292734c000 rw-p 00000000 00:00 0 
7f292734c000-7f2927402000 rw-p 00000000 00:00 0 
7f2927402000-7f2927405000 ---p 00000000 00:00 0 
7f2927405000-7f2927520000 rw-p 00000000 00:00 0                          [stack:7978]
7f2927520000-7f2927528000 rw-s 00000000 08:21 11145246                   /tmp/hsperfdata_deamon/7976
7f2927528000-7f2927529000 rw-p 00000000 00:00 0 
7f2927529000-7f292752a000 ---p 00000000 00:00 0 
7f292752a000-7f292752c000 rw-p 00000000 00:00 0 
7f292752c000-7f292752d000 r--p 00022000 08:21 2098445                    /lib/x86_64-linux-gnu/ld-2.19.so
7f292752d000-7f292752e000 rw-p 00023000 08:21 2098445                    /lib/x86_64-linux-gnu/ld-2.19.so
7f292752e000-7f292752f000 rw-p 00000000 00:00 0 
7ffde5f12000-7ffde5f33000 rw-p 00000000 00:00 0                          [stack]
7ffde5f45000-7ffde5f47000 r-xp 00000000 00:00 0                          [vdso]
ffffffffff600000-ffffffffff601000 r-xp 00000000 00:00 0                  [vsyscall]

VM Arguments:
jvm_args: -Djava.awt.headless=true -Xmx1024M -Dfile.encoding=UTF-8 -Duser.country=US -Duser.language=en -Duser.variant 
java_command: com.android.dx.command.Main --dex --force-jumbo --num-threads=4 --multi-dex --output /mnt/Storage/School/CSE 190/UCSanDroid/profitableandroid/app/build/intermediates/transforms/dex/debug/folders/1000/10/com.android.support-support-v4-23.1.0_af90cc0ae3006af5b4600548c8bd41a15789671a /mnt/Storage/School/CSE 190/UCSanDroid/profitableandroid/app/build/intermediates/exploded-aar/com.android.support/support-v4/23.1.0/jars/classes.jar
Launcher Type: SUN_STANDARD

Environment Variables:
JAVA_HOME=/usr/lib/jvm/java-8-oracle
PATH=/usr/local/sbin:/usr/local/bin:/usr/sbin:/usr/bin:/sbin:/bin:/usr/games:/usr/local/games:/usr/lib/jvm/java-8-oracle/bin:/usr/lib/jvm/java-8-oracle/db/bin:/usr/lib/jvm/java-8-oracle/jre/bin
LD_LIBRARY_PATH=/home/deamon/Downloads/android-studio/bin:/usr/lib32
SHELL=/bin/bash
DISPLAY=:0

Signal Handlers:
SIGSEGV: [libjvm.so+0x9561e0], sa_mask[0]=0x7ffbfeff, sa_flags=0x10000004
SIGBUS: [libjvm.so+0x9561e0], sa_mask[0]=0x7ffbfeff, sa_flags=0x10000004
SIGFPE: [libjvm.so+0x7cc4d0], sa_mask[0]=0x7ffbfeff, sa_flags=0x10000004
SIGPIPE: [libjvm.so+0x7cc4d0], sa_mask[0]=0x7ffbfeff, sa_flags=0x10000004
SIGXFSZ: [libjvm.so+0x7cc4d0], sa_mask[0]=0x7ffbfeff, sa_flags=0x10000004
SIGILL: [libjvm.so+0x7cc4d0], sa_mask[0]=0x7ffbfeff, sa_flags=0x10000004
SIGUSR1: SIG_DFL, sa_mask[0]=0x00000000, sa_flags=0x00000000
SIGUSR2: [libjvm.so+0x7cc370], sa_mask[0]=0x00000004, sa_flags=0x10000004
SIGHUP: [libjvm.so+0x7cc550], sa_mask[0]=0x7ffbfeff, sa_flags=0x10000004
SIGINT: [libjvm.so+0x7cc550], sa_mask[0]=0x7ffbfeff, sa_flags=0x10000004
SIGTERM: [libjvm.so+0x7cc550], sa_mask[0]=0x7ffbfeff, sa_flags=0x10000004
SIGQUIT: [libjvm.so+0x7cc550], sa_mask[0]=0x7ffbfeff, sa_flags=0x10000004
SIGTRAP: SIG_DFL, sa_mask[0]=0x00000000, sa_flags=0x00000000


---------------  S Y S T E M  ---------------

OS:Ubuntu 14.04 (trusty)
uname:Linux 3.13.0-85-generic #129-Ubuntu SMP Thu Mar 17 20:50:15 UTC 2016 x86_64
libc:glibc 2.19 NPTL 2.19 
rlimit: STACK 8192k, CORE 0k, NPROC 63147, NOFILE 4096, AS infinity
load average:9.34 5.15 2.68

/proc/meminfo:
MemTotal:        8176568 kB
MemFree:          159452 kB
Buffers:           12588 kB
Cached:           262508 kB
SwapCached:            0 kB
Active:          4956672 kB
Inactive:         202232 kB
Active(anon):    4885700 kB
Inactive(anon):   152952 kB
Active(file):      70972 kB
Inactive(file):    49280 kB
Unevictable:          64 kB
Mlocked:              64 kB
SwapTotal:             0 kB
SwapFree:              0 kB
Dirty:               248 kB
Writeback:             0 kB
AnonPages:       4884196 kB
Mapped:          1339872 kB
Shmem:            154616 kB
Slab:              95752 kB
SReclaimable:      36196 kB
SUnreclaim:        59556 kB
KernelStack:        7616 kB
PageTables:        73352 kB
NFS_Unstable:          0 kB
Bounce:                0 kB
WritebackTmp:          0 kB
CommitLimit:     4088284 kB
Committed_AS:   10975920 kB
VmallocTotal:   34359738367 kB
VmallocUsed:      313036 kB
VmallocChunk:   34359421716 kB
HardwareCorrupted:     0 kB
AnonHugePages:   1894400 kB
HugePages_Total:       0
HugePages_Free:        0
HugePages_Rsvd:        0
HugePages_Surp:        0
Hugepagesize:       2048 kB
DirectMap4k:     4789824 kB
DirectMap2M:     3598336 kB
DirectMap1G:           0 kB


CPU:total 4 (4 cores per cpu, 1 threads per core) family 16 model 4 stepping 3, cmov, cx8, fxsr, mmx, sse, sse2, sse3, popcnt, mmxext, 3dnowpref, lzcnt, sse4a, tsc, tscinvbit, tscinv

/proc/cpuinfo:
processor	: 0
vendor_id	: AuthenticAMD
cpu family	: 16
model		: 4
model name	: AMD Phenom(tm) II X4 970 Processor
stepping	: 3
microcode	: 0x10000c8
cpu MHz		: 3500.000
cache size	: 512 KB
physical id	: 0
siblings	: 4
core id		: 0
cpu cores	: 4
apicid		: 0
initial apicid	: 0
fpu		: yes
fpu_exception	: yes
cpuid level	: 5
wp		: yes
flags		: fpu vme de pse tsc msr pae mce cx8 apic sep mtrr pge mca cmov pat pse36 clflush mmx fxsr sse sse2 ht syscall nx mmxext fxsr_opt pdpe1gb rdtscp lm 3dnowext 3dnow constant_tsc rep_good nopl nonstop_tsc extd_apicid pni monitor cx16 popcnt lahf_lm cmp_legacy svm extapic cr8_legacy abm sse4a misalignsse 3dnowprefetch osvw ibs skinit wdt hw_pstate npt lbrv svm_lock nrip_save vmmcall
bogomips	: 7000.34
TLB size	: 1024 4K pages
clflush size	: 64
cache_alignment	: 64
address sizes	: 48 bits physical, 48 bits virtual
power management: ts ttp tm stc 100mhzsteps hwpstate

processor	: 1
vendor_id	: AuthenticAMD
cpu family	: 16
model		: 4
model name	: AMD Phenom(tm) II X4 970 Processor
stepping	: 3
microcode	: 0x10000c8
cpu MHz		: 3500.000
cache size	: 512 KB
physical id	: 0
siblings	: 4
core id		: 1
cpu cores	: 4
apicid		: 1
initial apicid	: 1
fpu		: yes
fpu_exception	: yes
cpuid level	: 5
wp		: yes
flags		: fpu vme de pse tsc msr pae mce cx8 apic sep mtrr pge mca cmov pat pse36 clflush mmx fxsr sse sse2 ht syscall nx mmxext fxsr_opt pdpe1gb rdtscp lm 3dnowext 3dnow constant_tsc rep_good nopl nonstop_tsc extd_apicid pni monitor cx16 popcnt lahf_lm cmp_legacy svm extapic cr8_legacy abm sse4a misalignsse 3dnowprefetch osvw ibs skinit wdt hw_pstate npt lbrv svm_lock nrip_save vmmcall
bogomips	: 7000.34
TLB size	: 1024 4K pages
clflush size	: 64
cache_alignment	: 64
address sizes	: 48 bits physical, 48 bits virtual
power management: ts ttp tm stc 100mhzsteps hwpstate

processor	: 2
vendor_id	: AuthenticAMD
cpu family	: 16
model		: 4
model name	: AMD Phenom(tm) II X4 970 Processor
stepping	: 3
microcode	: 0x10000c8
cpu MHz		: 3500.000
cache size	: 512 KB
physical id	: 0
siblings	: 4
core id		: 2
cpu cores	: 4
apicid		: 2
initial apicid	: 2
fpu		: yes
fpu_exception	: yes
cpuid level	: 5
wp		: yes
flags		: fpu vme de pse tsc msr pae mce cx8 apic sep mtrr pge mca cmov pat pse36 clflush mmx fxsr sse sse2 ht syscall nx mmxext fxsr_opt pdpe1gb rdtscp lm 3dnowext 3dnow constant_tsc rep_good nopl nonstop_tsc extd_apicid pni monitor cx16 popcnt lahf_lm cmp_legacy svm extapic cr8_legacy abm sse4a misalignsse 3dnowprefetch osvw ibs skinit wdt hw_pstate npt lbrv svm_lock nrip_save vmmcall
bogomips	: 7000.34
TLB size	: 1024 4K pages
clflush size	: 64
cache_alignment	: 64
address sizes	: 48 bits physical, 48 bits virtual
power management: ts ttp tm stc 100mhzsteps hwpstate

processor	: 3
vendor_id	: AuthenticAMD
cpu family	: 16
model		: 4
model name	: AMD Phenom(tm) II X4 970 Processor
stepping	: 3
microcode	: 0x10000c8
cpu MHz		: 3500.000
cache size	: 512 KB
physical id	: 0
siblings	: 4
core id		: 3
cpu cores	: 4
apicid		: 3
initial apicid	: 3
fpu		: yes
fpu_exception	: yes
cpuid level	: 5
wp		: yes
flags		: fpu vme de pse tsc msr pae mce cx8 apic sep mtrr pge mca cmov pat pse36 clflush mmx fxsr sse sse2 ht syscall nx mmxext fxsr_opt pdpe1gb rdtscp lm 3dnowext 3dnow constant_tsc rep_good nopl nonstop_tsc extd_apicid pni monitor cx16 popcnt lahf_lm cmp_legacy svm extapic cr8_legacy abm sse4a misalignsse 3dnowprefetch osvw ibs skinit wdt hw_pstate npt lbrv svm_lock nrip_save vmmcall
bogomips	: 7000.34
TLB size	: 1024 4K pages
clflush size	: 64
cache_alignment	: 64
address sizes	: 48 bits physical, 48 bits virtual
power management: ts ttp tm stc 100mhzsteps hwpstate



Memory: 4k page, physical 8176568k(159204k free), swap 0k(0k free)

vm_info: OpenJDK 64-Bit Server VM (24.95-b01) for linux-amd64 JRE (1.7.0_101-b00), built on Apr 24 2016 20:39:29 by "buildd" with gcc 4.8.2

time: Wed May 11 07:48:18 2016
elapsed time: 13 seconds

